{"meta": {"format": 3, "version": "7.13.0", "timestamp": "2025-12-10T19:39:58.693124", "branch_coverage": false, "show_contexts": false}, "files": {"oneiric/__init__.py": {"executed_lines": [1, 3, 5, 7, 8], "summary": {"covered_lines": 5, "num_statements": 5, "percent_covered": 100.0, "percent_covered_display": "100", "missing_lines": 0, "excluded_lines": 2, "percent_statements_covered": 100.0, "percent_statements_covered_display": "100"}, "missing_lines": [], "excluded_lines": [9, 10], "functions": {"": {"executed_lines": [1, 3, 5, 7, 8], "summary": {"covered_lines": 5, "num_statements": 5, "percent_covered": 100.0, "percent_covered_display": "100", "missing_lines": 0, "excluded_lines": 2, "percent_statements_covered": 100.0, "percent_statements_covered_display": "100"}, "missing_lines": [], "excluded_lines": [9, 10]}}, "classes": {"": {"executed_lines": [1, 3, 5, 7, 8], "summary": {"covered_lines": 5, "num_statements": 5, "percent_covered": 100.0, "percent_covered_display": "100", "missing_lines": 0, "excluded_lines": 2, "percent_statements_covered": 100.0, "percent_statements_covered_display": "100"}, "missing_lines": [], "excluded_lines": [9, 10]}}}, "oneiric/actions/__init__.py": {"executed_lines": [1, 3, 4, 5, 7], "summary": {"covered_lines": 4, "num_statements": 4, "percent_covered": 100.0, "percent_covered_display": "100", "missing_lines": 0, "excluded_lines": 0, "percent_statements_covered": 100.0, "percent_statements_covered_display": "100"}, "missing_lines": [], "excluded_lines": [], "functions": {"": {"executed_lines": [1, 3, 4, 5, 7], "summary": {"covered_lines": 4, "num_statements": 4, "percent_covered": 100.0, "percent_covered_display": "100", "missing_lines": 0, "excluded_lines": 0, "percent_statements_covered": 100.0, "percent_statements_covered_display": "100"}, "missing_lines": [], "excluded_lines": []}}, "classes": {"": {"executed_lines": [1, 3, 4, 5, 7], "summary": {"covered_lines": 4, "num_statements": 4, "percent_covered": 100.0, "percent_covered_display": "100", "missing_lines": 0, "excluded_lines": 0, "percent_statements_covered": 100.0, "percent_statements_covered_display": "100"}, "missing_lines": [], "excluded_lines": []}}}, "oneiric/actions/automation.py": {"executed_lines": [1, 3, 5, 6, 8, 10, 11, 12, 13, 16, 17, 19, 20, 34, 40, 41, 43, 44, 45, 49, 53, 59, 60, 62, 64, 68, 72, 78, 79, 81, 89, 90, 92, 108, 109, 110, 112, 113, 114, 115, 116, 117, 118, 120, 121, 122, 123, 124, 125, 126, 127, 135, 136, 137, 138, 144, 151, 152, 153, 156, 157, 158, 159, 160, 162, 165, 166, 167, 170, 171, 172, 176, 178, 182, 183, 199, 201, 207, 209, 222, 229, 230, 231, 232, 235, 236, 245, 246, 248, 249, 250, 251, 252, 254, 256, 258, 259, 266, 272, 284, 285, 286, 289, 292], "summary": {"covered_lines": 98, "num_statements": 146, "percent_covered": 67.12328767123287, "percent_covered_display": "67", "missing_lines": 48, "excluded_lines": 0, "percent_statements_covered": 67.12328767123287, "percent_statements_covered_display": "67"}, "missing_lines": [119, 154, 173, 177, 179, 186, 187, 188, 189, 192, 193, 194, 195, 197, 210, 211, 212, 213, 214, 215, 216, 219, 220, 223, 226, 227, 233, 234, 237, 238, 239, 240, 241, 242, 243, 247, 253, 261, 262, 264, 268, 274, 275, 276, 277, 279, 280, 282], "excluded_lines": [], "functions": {"AutomationTriggerAction.__init__": {"executed_lines": [109, 110], "summary": {"covered_lines": 2, "num_statements": 2, "percent_covered": 100.0, "percent_covered_display": "100", "missing_lines": 0, "excluded_lines": 0, "percent_statements_covered": 100.0, "percent_statements_covered_display": "100"}, "missing_lines": [], "excluded_lines": []}, "AutomationTriggerAction.execute": {"executed_lines": [113, 114, 115, 116, 117, 118, 120, 121, 122, 123, 124, 125, 126, 127, 135, 136, 137, 138, 144], "summary": {"covered_lines": 19, "num_statements": 20, "percent_covered": 95.0, "percent_covered_display": "95", "missing_lines": 1, "excluded_lines": 0, "percent_statements_covered": 95.0, "percent_statements_covered_display": "95"}, "missing_lines": [119], "excluded_lines": []}, "AutomationTriggerAction._coerce_mapping": {"executed_lines": [152, 153], "summary": {"covered_lines": 2, "num_statements": 3, "percent_covered": 66.66666666666667, "percent_covered_display": "67", "missing_lines": 1, "excluded_lines": 0, "percent_statements_covered": 66.66666666666667, "percent_statements_covered_display": "67"}, "missing_lines": [154], "excluded_lines": []}, "AutomationTriggerAction._rule_matches": {"executed_lines": [157, 158, 159, 160], "summary": {"covered_lines": 4, "num_statements": 4, "percent_covered": 100.0, "percent_covered_display": "100", "missing_lines": 0, "excluded_lines": 0, "percent_statements_covered": 100.0, "percent_statements_covered_display": "100"}, "missing_lines": [], "excluded_lines": []}, "AutomationTriggerAction._condition_matches": {"executed_lines": [165, 166, 167, 170, 171, 172, 176, 178, 182, 183], "summary": {"covered_lines": 10, "num_statements": 22, "percent_covered": 45.45454545454545, "percent_covered_display": "45", "missing_lines": 12, "excluded_lines": 0, "percent_statements_covered": 45.45454545454545, "percent_statements_covered_display": "45"}, "missing_lines": [173, 177, 179, 186, 187, 188, 189, 192, 193, 194, 195, 197], "excluded_lines": []}, "AutomationTriggerAction._evaluate_numeric_operator": {"executed_lines": [201, 207], "summary": {"covered_lines": 2, "num_statements": 2, "percent_covered": 100.0, "percent_covered_display": "100", "missing_lines": 0, "excluded_lines": 0, "percent_statements_covered": 100.0, "percent_statements_covered_display": "100"}, "missing_lines": [], "excluded_lines": []}, "AutomationTriggerAction._contains": {"executed_lines": [], "summary": {"covered_lines": 0, "num_statements": 9, "percent_covered": 0.0, "percent_covered_display": "0", "missing_lines": 9, "excluded_lines": 0, "percent_statements_covered": 0.0, "percent_statements_covered_display": "0"}, "missing_lines": [210, 211, 212, 213, 214, 215, 216, 219, 220], "excluded_lines": []}, "AutomationTriggerAction._in_collection": {"executed_lines": [], "summary": {"covered_lines": 0, "num_statements": 3, "percent_covered": 0.0, "percent_covered_display": "0", "missing_lines": 3, "excluded_lines": 0, "percent_statements_covered": 0.0, "percent_statements_covered_display": "0"}, "missing_lines": [223, 226, 227], "excluded_lines": []}, "AutomationTriggerAction._compare": {"executed_lines": [230, 231, 232, 235, 236], "summary": {"covered_lines": 5, "num_statements": 14, "percent_covered": 35.714285714285715, "percent_covered_display": "36", "missing_lines": 9, "excluded_lines": 0, "percent_statements_covered": 35.714285714285715, "percent_statements_covered_display": "36"}, "missing_lines": [233, 234, 237, 238, 239, 240, 241, 242, 243], "excluded_lines": []}, "AutomationTriggerAction._resolve_field": {"executed_lines": [246, 248, 249, 250, 251, 252, 254], "summary": {"covered_lines": 7, "num_statements": 9, "percent_covered": 77.77777777777777, "percent_covered_display": "78", "missing_lines": 2, "excluded_lines": 0, "percent_statements_covered": 77.77777777777777, "percent_statements_covered_display": "78"}, "missing_lines": [247, 253], "excluded_lines": []}, "AutomationTriggerAction._resolve_segment": {"executed_lines": [258, 259], "summary": {"covered_lines": 2, "num_statements": 5, "percent_covered": 40.0, "percent_covered_display": "40", "missing_lines": 3, "excluded_lines": 0, "percent_statements_covered": 40.0, "percent_statements_covered_display": "40"}, "missing_lines": [261, 262, 264], "excluded_lines": []}, "AutomationTriggerAction._is_sequence_not_string": {"executed_lines": [], "summary": {"covered_lines": 0, "num_statements": 1, "percent_covered": 0.0, "percent_covered_display": "0", "missing_lines": 1, "excluded_lines": 0, "percent_statements_covered": 0.0, "percent_statements_covered_display": "0"}, "missing_lines": [268], "excluded_lines": []}, "AutomationTriggerAction._resolve_index": {"executed_lines": [], "summary": {"covered_lines": 0, "num_statements": 7, "percent_covered": 0.0, "percent_covered_display": "0", "missing_lines": 7, "excluded_lines": 0, "percent_statements_covered": 0.0, "percent_statements_covered_display": "0"}, "missing_lines": [274, 275, 276, 277, 279, 280, 282], "excluded_lines": []}, "AutomationTriggerAction._split_path": {"executed_lines": [285, 286, 289], "summary": {"covered_lines": 3, "num_statements": 3, "percent_covered": 100.0, "percent_covered_display": "100", "missing_lines": 0, "excluded_lines": 0, "percent_statements_covered": 100.0, "percent_statements_covered_display": "100"}, "missing_lines": [], "excluded_lines": []}, "": {"executed_lines": [1, 3, 5, 6, 8, 10, 11, 12, 13, 16, 17, 19, 20, 34, 40, 41, 43, 44, 45, 49, 53, 59, 60, 62, 64, 68, 72, 78, 79, 81, 89, 90, 92, 108, 112, 151, 156, 162, 199, 209, 222, 229, 245, 256, 266, 272, 284, 292], "summary": {"covered_lines": 42, "num_statements": 42, "percent_covered": 100.0, "percent_covered_display": "100", "missing_lines": 0, "excluded_lines": 0, "percent_statements_covered": 100.0, "percent_statements_covered_display": "100"}, "missing_lines": [], "excluded_lines": []}}, "classes": {"AutomationCondition": {"executed_lines": [], "summary": {"covered_lines": 0, "num_statements": 0, "percent_covered": 100.0, "percent_covered_display": "100", "missing_lines": 0, "excluded_lines": 0, "percent_statements_covered": 100.0, "percent_statements_covered_display": "100"}, "missing_lines": [], "excluded_lines": []}, "AutomationRule": {"executed_lines": [], "summary": {"covered_lines": 0, "num_statements": 0, "percent_covered": 100.0, "percent_covered_display": "100", "missing_lines": 0, "excluded_lines": 0, "percent_statements_covered": 100.0, "percent_statements_covered_display": "100"}, "missing_lines": [], "excluded_lines": []}, "AutomationTriggerPayload": {"executed_lines": [], "summary": {"covered_lines": 0, "num_statements": 0, "percent_covered": 100.0, "percent_covered_display": "100", "missing_lines": 0, "excluded_lines": 0, "percent_statements_covered": 100.0, "percent_statements_covered_display": "100"}, "missing_lines": [], "excluded_lines": []}, "AutomationTriggerSettings": {"executed_lines": [], "summary": {"covered_lines": 0, "num_statements": 0, "percent_covered": 100.0, "percent_covered_display": "100", "missing_lines": 0, "excluded_lines": 0, "percent_statements_covered": 100.0, "percent_statements_covered_display": "100"}, "missing_lines": [], "excluded_lines": []}, "AutomationTriggerAction": {"executed_lines": [109, 110, 113, 114, 115, 116, 117, 118, 120, 121, 122, 123, 124, 125, 126, 127, 135, 136, 137, 138, 144, 152, 153, 157, 158, 159, 160, 165, 166, 167, 170, 171, 172, 176, 178, 182, 183, 201, 207, 230, 231, 232, 235, 236, 246, 248, 249, 250, 251, 252, 254, 258, 259, 285, 286, 289], "summary": {"covered_lines": 56, "num_statements": 104, "percent_covered": 53.84615384615385, "percent_covered_display": "54", "missing_lines": 48, "excluded_lines": 0, "percent_statements_covered": 53.84615384615385, "percent_statements_covered_display": "54"}, "missing_lines": [119, 154, 173, 177, 179, 186, 187, 188, 189, 192, 193, 194, 195, 197, 210, 211, 212, 213, 214, 215, 216, 219, 220, 223, 226, 227, 233, 234, 237, 238, 239, 240, 241, 242, 243, 247, 253, 261, 262, 264, 268, 274, 275, 276, 277, 279, 280, 282], "excluded_lines": []}, "": {"executed_lines": [1, 3, 5, 6, 8, 10, 11, 12, 13, 16, 17, 19, 20, 34, 40, 41, 43, 44, 45, 49, 53, 59, 60, 62, 64, 68, 72, 78, 79, 81, 89, 90, 92, 108, 112, 151, 156, 162, 199, 209, 222, 229, 245, 256, 266, 272, 284, 292], "summary": {"covered_lines": 42, "num_statements": 42, "percent_covered": 100.0, "percent_covered_display": "100", "missing_lines": 0, "excluded_lines": 0, "percent_statements_covered": 100.0, "percent_statements_covered_display": "100"}, "missing_lines": [], "excluded_lines": []}}}, "oneiric/actions/bootstrap.py": {"executed_lines": [1, 3, 5, 7, 9, 10, 11, 12, 13, 14, 15, 16, 17, 18, 19, 27, 30, 51, 54], "summary": {"covered_lines": 18, "num_statements": 18, "percent_covered": 100.0, "percent_covered_display": "100", "missing_lines": 0, "excluded_lines": 0, "percent_statements_covered": 100.0, "percent_statements_covered_display": "100"}, "missing_lines": [], "excluded_lines": [], "functions": {"builtin_action_metadata": {"executed_lines": [30], "summary": {"covered_lines": 1, "num_statements": 1, "percent_covered": 100.0, "percent_covered_display": "100", "missing_lines": 0, "excluded_lines": 0, "percent_statements_covered": 100.0, "percent_statements_covered_display": "100"}, "missing_lines": [], "excluded_lines": []}, "register_builtin_actions": {"executed_lines": [54], "summary": {"covered_lines": 1, "num_statements": 1, "percent_covered": 100.0, "percent_covered_display": "100", "missing_lines": 0, "excluded_lines": 0, "percent_statements_covered": 100.0, "percent_statements_covered_display": "100"}, "missing_lines": [], "excluded_lines": []}, "": {"executed_lines": [1, 3, 5, 7, 9, 10, 11, 12, 13, 14, 15, 16, 17, 18, 19, 27, 51], "summary": {"covered_lines": 16, "num_statements": 16, "percent_covered": 100.0, "percent_covered_display": "100", "missing_lines": 0, "excluded_lines": 0, "percent_statements_covered": 100.0, "percent_statements_covered_display": "100"}, "missing_lines": [], "excluded_lines": []}}, "classes": {"": {"executed_lines": [1, 3, 5, 7, 9, 10, 11, 12, 13, 14, 15, 16, 17, 18, 19, 27, 30, 51, 54], "summary": {"covered_lines": 18, "num_statements": 18, "percent_covered": 100.0, "percent_covered_display": "100", "missing_lines": 0, "excluded_lines": 0, "percent_statements_covered": 100.0, "percent_statements_covered_display": "100"}, "missing_lines": [], "excluded_lines": []}}}, "oneiric/actions/bridge.py": {"executed_lines": [1, 3, 5, 6, 7, 8, 9, 10, 13, 14, 16, 25], "summary": {"covered_lines": 10, "num_statements": 10, "percent_covered": 100.0, "percent_covered_display": "100", "missing_lines": 0, "excluded_lines": 0, "percent_statements_covered": 100.0, "percent_statements_covered_display": "100"}, "missing_lines": [], "excluded_lines": [], "functions": {"ActionBridge.__init__": {"executed_lines": [25], "summary": {"covered_lines": 1, "num_statements": 1, "percent_covered": 100.0, "percent_covered_display": "100", "missing_lines": 0, "excluded_lines": 0, "percent_statements_covered": 100.0, "percent_statements_covered_display": "100"}, "missing_lines": [], "excluded_lines": []}, "": {"executed_lines": [1, 3, 5, 6, 7, 8, 9, 10, 13, 14, 16], "summary": {"covered_lines": 9, "num_statements": 9, "percent_covered": 100.0, "percent_covered_display": "100", "missing_lines": 0, "excluded_lines": 0, "percent_statements_covered": 100.0, "percent_statements_covered_display": "100"}, "missing_lines": [], "excluded_lines": []}}, "classes": {"ActionBridge": {"executed_lines": [25], "summary": {"covered_lines": 1, "num_statements": 1, "percent_covered": 100.0, "percent_covered_display": "100", "missing_lines": 0, "excluded_lines": 0, "percent_statements_covered": 100.0, "percent_statements_covered_display": "100"}, "missing_lines": [], "excluded_lines": []}, "": {"executed_lines": [1, 3, 5, 6, 7, 8, 9, 10, 13, 14, 16], "summary": {"covered_lines": 9, "num_statements": 9, "percent_covered": 100.0, "percent_covered_display": "100", "missing_lines": 0, "excluded_lines": 0, "percent_statements_covered": 100.0, "percent_statements_covered_display": "100"}, "missing_lines": [], "excluded_lines": []}}}, "oneiric/actions/compression.py": {"executed_lines": [1, 3, 5, 6, 7, 8, 9, 10, 11, 13, 15, 16, 17, 18, 21, 22, 24, 28, 36, 37, 39, 55, 56, 57, 59, 60, 61, 62, 63, 65, 66, 67, 69, 70, 71, 72, 75, 80, 81, 83, 84, 87, 88, 91, 97, 98, 99, 100, 108, 109, 110, 118, 119, 121, 125, 129, 135, 136, 138, 154, 160, 161, 162, 164, 165, 166, 167, 169, 170, 172, 173, 175, 176, 177, 178, 179, 180, 181, 182, 183, 185, 186, 187, 195, 196, 198, 199], "summary": {"covered_lines": 82, "num_statements": 102, "percent_covered": 80.3921568627451, "percent_covered_display": "80", "missing_lines": 20, "excluded_lines": 4, "percent_statements_covered": 80.3921568627451, "percent_statements_covered_display": "80"}, "missing_lines": [64, 68, 82, 101, 102, 103, 104, 105, 106, 111, 112, 113, 114, 115, 168, 171, 174, 197, 200, 201], "excluded_lines": [85, 86, 204, 205], "functions": {"CompressionAction.__init__": {"executed_lines": [56, 57], "summary": {"covered_lines": 2, "num_statements": 2, "percent_covered": 100.0, "percent_covered_display": "100", "missing_lines": 0, "excluded_lines": 0, "percent_statements_covered": 100.0, "percent_statements_covered_display": "100"}, "missing_lines": [], "excluded_lines": []}, "CompressionAction.execute": {"executed_lines": [60, 61, 62, 63, 65, 66, 67, 69, 70, 71, 72, 75, 80, 81, 83, 84, 87, 88, 91], "summary": {"covered_lines": 19, "num_statements": 22, "percent_covered": 86.36363636363636, "percent_covered_display": "86", "missing_lines": 3, "excluded_lines": 2, "percent_statements_covered": 86.36363636363636, "percent_statements_covered_display": "86"}, "missing_lines": [64, 68, 82], "excluded_lines": [85, 86]}, "CompressionAction._compress": {"executed_lines": [98, 99, 100], "summary": {"covered_lines": 3, "num_statements": 9, "percent_covered": 33.333333333333336, "percent_covered_display": "33", "missing_lines": 6, "excluded_lines": 0, "percent_statements_covered": 33.333333333333336, "percent_statements_covered_display": "33"}, "missing_lines": [101, 102, 103, 104, 105, 106], "excluded_lines": []}, "CompressionAction._decompress": {"executed_lines": [109, 110], "summary": {"covered_lines": 2, "num_statements": 7, "percent_covered": 28.571428571428573, "percent_covered_display": "29", "missing_lines": 5, "excluded_lines": 0, "percent_statements_covered": 28.571428571428573, "percent_statements_covered_display": "29"}, "missing_lines": [111, 112, 113, 114, 115], "excluded_lines": []}, "HashAction.__init__": {"executed_lines": [161, 162], "summary": {"covered_lines": 2, "num_statements": 2, "percent_covered": 100.0, "percent_covered_display": "100", "missing_lines": 0, "excluded_lines": 0, "percent_statements_covered": 100.0, "percent_statements_covered_display": "100"}, "missing_lines": [], "excluded_lines": []}, "HashAction.execute": {"executed_lines": [165, 166, 167, 169, 170, 172, 173, 175, 176, 177, 178, 179, 180, 181, 182, 183, 185, 186, 187], "summary": {"covered_lines": 19, "num_statements": 22, "percent_covered": 86.36363636363636, "percent_covered_display": "86", "missing_lines": 3, "excluded_lines": 0, "percent_statements_covered": 86.36363636363636, "percent_statements_covered_display": "86"}, "missing_lines": [168, 171, 174], "excluded_lines": []}, "HashAction._to_bytes": {"executed_lines": [196, 198, 199], "summary": {"covered_lines": 3, "num_statements": 6, "percent_covered": 50.0, "percent_covered_display": "50", "missing_lines": 3, "excluded_lines": 2, "percent_statements_covered": 50.0, "percent_statements_covered_display": "50"}, "missing_lines": [197, 200, 201], "excluded_lines": [204, 205]}, "": {"executed_lines": [1, 3, 5, 6, 7, 8, 9, 10, 11, 13, 15, 16, 17, 18, 21, 22, 24, 28, 36, 37, 39, 55, 59, 97, 108, 118, 119, 121, 125, 129, 135, 136, 138, 154, 160, 164, 195], "summary": {"covered_lines": 32, "num_statements": 32, "percent_covered": 100.0, "percent_covered_display": "100", "missing_lines": 0, "excluded_lines": 0, "percent_statements_covered": 100.0, "percent_statements_covered_display": "100"}, "missing_lines": [], "excluded_lines": []}}, "classes": {"CompressionActionSettings": {"executed_lines": [], "summary": {"covered_lines": 0, "num_statements": 0, "percent_covered": 100.0, "percent_covered_display": "100", "missing_lines": 0, "excluded_lines": 0, "percent_statements_covered": 100.0, "percent_statements_covered_display": "100"}, "missing_lines": [], "excluded_lines": []}, "CompressionAction": {"executed_lines": [56, 57, 60, 61, 62, 63, 65, 66, 67, 69, 70, 71, 72, 75, 80, 81, 83, 84, 87, 88, 91, 98, 99, 100, 109, 110], "summary": {"covered_lines": 26, "num_statements": 40, "percent_covered": 65.0, "percent_covered_display": "65", "missing_lines": 14, "excluded_lines": 2, "percent_statements_covered": 65.0, "percent_statements_covered_display": "65"}, "missing_lines": [64, 68, 82, 101, 102, 103, 104, 105, 106, 111, 112, 113, 114, 115], "excluded_lines": [85, 86]}, "HashActionSettings": {"executed_lines": [], "summary": {"covered_lines": 0, "num_statements": 0, "percent_covered": 100.0, "percent_covered_display": "100", "missing_lines": 0, "excluded_lines": 0, "percent_statements_covered": 100.0, "percent_statements_covered_display": "100"}, "missing_lines": [], "excluded_lines": []}, "HashAction": {"executed_lines": [161, 162, 165, 166, 167, 169, 170, 172, 173, 175, 176, 177, 178, 179, 180, 181, 182, 183, 185, 186, 187, 196, 198, 199], "summary": {"covered_lines": 24, "num_statements": 30, "percent_covered": 80.0, "percent_covered_display": "80", "missing_lines": 6, "excluded_lines": 2, "percent_statements_covered": 80.0, "percent_statements_covered_display": "80"}, "missing_lines": [168, 171, 174, 197, 200, 201], "excluded_lines": [204, 205]}, "": {"executed_lines": [1, 3, 5, 6, 7, 8, 9, 10, 11, 13, 15, 16, 17, 18, 21, 22, 24, 28, 36, 37, 39, 55, 59, 97, 108, 118, 119, 121, 125, 129, 135, 136, 138, 154, 160, 164, 195], "summary": {"covered_lines": 32, "num_statements": 32, "percent_covered": 100.0, "percent_covered_display": "100", "missing_lines": 0, "excluded_lines": 0, "percent_statements_covered": 100.0, "percent_statements_covered_display": "100"}, "missing_lines": [], "excluded_lines": []}}}, "oneiric/actions/data.py": {"executed_lines": [1, 3, 5, 6, 8, 10, 11, 12, 13, 16, 17, 19, 23, 27, 31, 37, 38, 40, 56, 57, 58, 60, 61, 62, 63, 64, 65, 68, 71, 74, 77, 78, 79, 80, 81, 82, 83, 84, 85, 86, 87, 88, 89, 90, 91, 98, 109, 112, 113, 114, 116, 122, 123, 124, 126, 127, 128, 131, 132, 133, 135, 138, 139, 140, 141, 145, 146, 148, 152, 156, 160, 164, 170, 171, 173, 189, 190, 191, 193, 194, 195, 196, 198, 199, 201, 202, 203, 207, 208, 210, 211, 212, 214, 216, 217, 218, 219, 220, 234, 235, 236, 237, 239, 241, 242, 250, 253, 254, 255, 256, 257, 259, 260, 261, 262, 263, 264, 265, 267, 270, 271, 272, 273, 274, 275, 277, 278, 285, 288, 298, 304, 305, 312, 313, 314, 317, 318, 320, 321, 324, 325, 328, 329, 331, 332, 336, 342, 343, 345, 361, 371, 372, 373, 375, 376, 377, 378, 381, 382, 383, 385, 386, 387, 390, 393, 394, 396, 397, 403, 410, 412, 413, 415, 417, 418, 420, 427, 428, 430, 431, 432, 434, 435, 436, 438, 441, 443, 445, 449, 450, 452, 454, 455, 456, 458, 460, 467, 468, 469, 470, 472, 473, 474], "summary": {"covered_lines": 195, "num_statements": 211, "percent_covered": 92.41706161137441, "percent_covered_display": "92", "missing_lines": 16, "excluded_lines": 0, "percent_statements_covered": 92.41706161137441, "percent_statements_covered_display": "92"}, "missing_lines": [125, 129, 142, 213, 306, 307, 308, 309, 310, 379, 437, 439, 451, 475, 476, 482], "excluded_lines": [], "functions": {"DataTransformAction.__init__": {"executed_lines": [57, 58], "summary": {"covered_lines": 2, "num_statements": 2, "percent_covered": 100.0, "percent_covered_display": "100", "missing_lines": 0, "excluded_lines": 0, "percent_statements_covered": 100.0, "percent_statements_covered_display": "100"}, "missing_lines": [], "excluded_lines": []}, "DataTransformAction.execute": {"executed_lines": [61, 62, 63, 64, 65, 68, 71, 74, 77, 78, 79, 80, 81, 82, 83, 84, 85, 86, 87, 88, 89, 90, 91, 98], "summary": {"covered_lines": 24, "num_statements": 24, "percent_covered": 100.0, "percent_covered_display": "100", "missing_lines": 0, "excluded_lines": 0, "percent_statements_covered": 100.0, "percent_statements_covered_display": "100"}, "missing_lines": [], "excluded_lines": []}, "DataTransformAction._apply_include": {"executed_lines": [112, 113, 114], "summary": {"covered_lines": 3, "num_statements": 3, "percent_covered": 100.0, "percent_covered_display": "100", "missing_lines": 0, "excluded_lines": 0, "percent_statements_covered": 100.0, "percent_statements_covered_display": "100"}, "missing_lines": [], "excluded_lines": []}, "DataTransformAction._coerce_optional_list": {"executed_lines": [122, 123, 124, 126, 127, 128], "summary": {"covered_lines": 6, "num_statements": 8, "percent_covered": 75.0, "percent_covered_display": "75", "missing_lines": 2, "excluded_lines": 0, "percent_statements_covered": 75.0, "percent_statements_covered_display": "75"}, "missing_lines": [125, 129], "excluded_lines": []}, "DataTransformAction._coerce_list": {"executed_lines": [132, 133], "summary": {"covered_lines": 2, "num_statements": 2, "percent_covered": 100.0, "percent_covered_display": "100", "missing_lines": 0, "excluded_lines": 0, "percent_statements_covered": 100.0, "percent_statements_covered_display": "100"}, "missing_lines": [], "excluded_lines": []}, "DataTransformAction._coerce_mapping": {"executed_lines": [138, 139, 140, 141], "summary": {"covered_lines": 4, "num_statements": 5, "percent_covered": 80.0, "percent_covered_display": "80", "missing_lines": 1, "excluded_lines": 0, "percent_statements_covered": 80.0, "percent_statements_covered_display": "80"}, "missing_lines": [142], "excluded_lines": []}, "DataSanitizeAction.__init__": {"executed_lines": [190, 191], "summary": {"covered_lines": 2, "num_statements": 2, "percent_covered": 100.0, "percent_covered_display": "100", "missing_lines": 0, "excluded_lines": 0, "percent_statements_covered": 100.0, "percent_statements_covered_display": "100"}, "missing_lines": [], "excluded_lines": []}, "DataSanitizeAction.execute": {"executed_lines": [194, 195, 196, 198, 199, 201, 202, 203, 207, 208], "summary": {"covered_lines": 10, "num_statements": 10, "percent_covered": 100.0, "percent_covered_display": "100", "missing_lines": 0, "excluded_lines": 0, "percent_statements_covered": 100.0, "percent_statements_covered_display": "100"}, "missing_lines": [], "excluded_lines": []}, "DataSanitizeAction._extract_record": {"executed_lines": [211, 212, 214], "summary": {"covered_lines": 3, "num_statements": 4, "percent_covered": 75.0, "percent_covered_display": "75", "missing_lines": 1, "excluded_lines": 0, "percent_statements_covered": 75.0, "percent_statements_covered_display": "75"}, "missing_lines": [213], "excluded_lines": []}, "DataSanitizeAction._extract_sanitize_params": {"executed_lines": [217, 218, 219, 220], "summary": {"covered_lines": 4, "num_statements": 4, "percent_covered": 100.0, "percent_covered_display": "100", "missing_lines": 0, "excluded_lines": 0, "percent_statements_covered": 100.0, "percent_statements_covered_display": "100"}, "missing_lines": [], "excluded_lines": []}, "DataSanitizeAction._make_normalizer": {"executed_lines": [235, 239], "summary": {"covered_lines": 2, "num_statements": 2, "percent_covered": 100.0, "percent_covered_display": "100", "missing_lines": 0, "excluded_lines": 0, "percent_statements_covered": 100.0, "percent_statements_covered_display": "100"}, "missing_lines": [], "excluded_lines": []}, "DataSanitizeAction._make_normalizer.normalize": {"executed_lines": [236, 237], "summary": {"covered_lines": 2, "num_statements": 2, "percent_covered": 100.0, "percent_covered_display": "100", "missing_lines": 0, "excluded_lines": 0, "percent_statements_covered": 100.0, "percent_statements_covered_display": "100"}, "missing_lines": [], "excluded_lines": []}, "DataSanitizeAction._normalize_field_sets": {"executed_lines": [242], "summary": {"covered_lines": 1, "num_statements": 1, "percent_covered": 100.0, "percent_covered_display": "100", "missing_lines": 0, "excluded_lines": 0, "percent_statements_covered": 100.0, "percent_statements_covered_display": "100"}, "missing_lines": [], "excluded_lines": []}, "DataSanitizeAction._filter_allowed_fields": {"executed_lines": [253, 254, 255, 256, 257], "summary": {"covered_lines": 5, "num_statements": 5, "percent_covered": 100.0, "percent_covered_display": "100", "missing_lines": 0, "excluded_lines": 0, "percent_statements_covered": 100.0, "percent_statements_covered_display": "100"}, "missing_lines": [], "excluded_lines": []}, "DataSanitizeAction._drop_fields": {"executed_lines": [260, 261, 262, 263, 264, 265], "summary": {"covered_lines": 6, "num_statements": 6, "percent_covered": 100.0, "percent_covered_display": "100", "missing_lines": 0, "excluded_lines": 0, "percent_statements_covered": 100.0, "percent_statements_covered_display": "100"}, "missing_lines": [], "excluded_lines": []}, "DataSanitizeAction._mask_fields": {"executed_lines": [270, 271, 272, 273, 274, 275], "summary": {"covered_lines": 6, "num_statements": 6, "percent_covered": 100.0, "percent_covered_display": "100", "missing_lines": 0, "excluded_lines": 0, "percent_statements_covered": 100.0, "percent_statements_covered_display": "100"}, "missing_lines": [], "excluded_lines": []}, "DataSanitizeAction._log_results": {"executed_lines": [278], "summary": {"covered_lines": 1, "num_statements": 1, "percent_covered": 100.0, "percent_covered_display": "100", "missing_lines": 0, "excluded_lines": 0, "percent_statements_covered": 100.0, "percent_statements_covered_display": "100"}, "missing_lines": [], "excluded_lines": []}, "DataSanitizeAction._build_result": {"executed_lines": [288], "summary": {"covered_lines": 1, "num_statements": 1, "percent_covered": 100.0, "percent_covered_display": "100", "missing_lines": 0, "excluded_lines": 0, "percent_statements_covered": 100.0, "percent_statements_covered_display": "100"}, "missing_lines": [], "excluded_lines": []}, "DataSanitizeAction._coerce_optional_list": {"executed_lines": [304, 305], "summary": {"covered_lines": 2, "num_statements": 7, "percent_covered": 28.571428571428573, "percent_covered_display": "29", "missing_lines": 5, "excluded_lines": 0, "percent_statements_covered": 28.571428571428573, "percent_statements_covered_display": "29"}, "missing_lines": [306, 307, 308, 309, 310], "excluded_lines": []}, "DataSanitizeAction._coerce_list": {"executed_lines": [313, 314], "summary": {"covered_lines": 2, "num_statements": 2, "percent_covered": 100.0, "percent_covered_display": "100", "missing_lines": 0, "excluded_lines": 0, "percent_statements_covered": 100.0, "percent_statements_covered_display": "100"}, "missing_lines": [], "excluded_lines": []}, "ValidationSchemaAction.__init__": {"executed_lines": [372, 373], "summary": {"covered_lines": 2, "num_statements": 2, "percent_covered": 100.0, "percent_covered_display": "100", "missing_lines": 0, "excluded_lines": 0, "percent_statements_covered": 100.0, "percent_statements_covered_display": "100"}, "missing_lines": [], "excluded_lines": []}, "ValidationSchemaAction.execute": {"executed_lines": [376, 377, 378, 381, 382, 383, 385, 386, 387, 390, 393, 394, 396, 397, 403], "summary": {"covered_lines": 15, "num_statements": 16, "percent_covered": 93.75, "percent_covered_display": "94", "missing_lines": 1, "excluded_lines": 0, "percent_statements_covered": 93.75, "percent_statements_covered_display": "94"}, "missing_lines": [379], "excluded_lines": []}, "ValidationSchemaAction._get_allow_extra": {"executed_lines": [412, 413], "summary": {"covered_lines": 2, "num_statements": 2, "percent_covered": 100.0, "percent_covered_display": "100", "missing_lines": 0, "excluded_lines": 0, "percent_statements_covered": 100.0, "percent_statements_covered_display": "100"}, "missing_lines": [], "excluded_lines": []}, "ValidationSchemaAction._get_fail_fast": {"executed_lines": [417, 418], "summary": {"covered_lines": 2, "num_statements": 2, "percent_covered": 100.0, "percent_covered_display": "100", "missing_lines": 0, "excluded_lines": 0, "percent_statements_covered": 100.0, "percent_statements_covered_display": "100"}, "missing_lines": [], "excluded_lines": []}, "ValidationSchemaAction._validate_fields": {"executed_lines": [427, 428, 430, 431, 432, 434, 435, 436, 438, 441, 443], "summary": {"covered_lines": 11, "num_statements": 13, "percent_covered": 84.61538461538461, "percent_covered_display": "85", "missing_lines": 2, "excluded_lines": 0, "percent_statements_covered": 84.61538461538461, "percent_statements_covered_display": "85"}, "missing_lines": [437, 439], "excluded_lines": []}, "ValidationSchemaAction._validate_single_field": {"executed_lines": [449, 450, 452, 454, 455, 456, 458], "summary": {"covered_lines": 7, "num_statements": 8, "percent_covered": 87.5, "percent_covered_display": "88", "missing_lines": 1, "excluded_lines": 0, "percent_statements_covered": 87.5, "percent_statements_covered_display": "88"}, "missing_lines": [451], "excluded_lines": []}, "ValidationSchemaAction._check_extra_fields": {"executed_lines": [467, 468, 469, 470], "summary": {"covered_lines": 4, "num_statements": 4, "percent_covered": 100.0, "percent_covered_display": "100", "missing_lines": 0, "excluded_lines": 0, "percent_statements_covered": 100.0, "percent_statements_covered_display": "100"}, "missing_lines": [], "excluded_lines": []}, "ValidationSchemaAction._resolve_fields": {"executed_lines": [473, 474], "summary": {"covered_lines": 2, "num_statements": 5, "percent_covered": 40.0, "percent_covered_display": "40", "missing_lines": 3, "excluded_lines": 0, "percent_statements_covered": 40.0, "percent_statements_covered_display": "40"}, "missing_lines": [475, 476, 482], "excluded_lines": []}, "": {"executed_lines": [1, 3, 5, 6, 8, 10, 11, 12, 13, 16, 17, 19, 23, 27, 31, 37, 38, 40, 56, 60, 109, 116, 131, 135, 145, 146, 148, 152, 156, 160, 164, 170, 171, 173, 189, 193, 210, 216, 234, 241, 250, 259, 267, 277, 285, 298, 312, 317, 318, 320, 321, 324, 325, 328, 329, 331, 332, 336, 342, 343, 345, 361, 371, 375, 410, 415, 420, 445, 460, 472], "summary": {"covered_lines": 62, "num_statements": 62, "percent_covered": 100.0, "percent_covered_display": "100", "missing_lines": 0, "excluded_lines": 0, "percent_statements_covered": 100.0, "percent_statements_covered_display": "100"}, "missing_lines": [], "excluded_lines": []}}, "classes": {"DataTransformSettings": {"executed_lines": [], "summary": {"covered_lines": 0, "num_statements": 0, "percent_covered": 100.0, "percent_covered_display": "100", "missing_lines": 0, "excluded_lines": 0, "percent_statements_covered": 100.0, "percent_statements_covered_display": "100"}, "missing_lines": [], "excluded_lines": []}, "DataTransformAction": {"executed_lines": [57, 58, 61, 62, 63, 64, 65, 68, 71, 74, 77, 78, 79, 80, 81, 82, 83, 84, 85, 86, 87, 88, 89, 90, 91, 98, 112, 113, 114, 122, 123, 124, 126, 127, 128, 132, 133, 138, 139, 140, 141], "summary": {"covered_lines": 41, "num_statements": 44, "percent_covered": 93.18181818181819, "percent_covered_display": "93", "missing_lines": 3, "excluded_lines": 0, "percent_statements_covered": 93.18181818181819, "percent_statements_covered_display": "93"}, "missing_lines": [125, 129, 142], "excluded_lines": []}, "DataSanitizeSettings": {"executed_lines": [], "summary": {"covered_lines": 0, "num_statements": 0, "percent_covered": 100.0, "percent_covered_display": "100", "missing_lines": 0, "excluded_lines": 0, "percent_statements_covered": 100.0, "percent_statements_covered_display": "100"}, "missing_lines": [], "excluded_lines": []}, "DataSanitizeAction": {"executed_lines": [190, 191, 194, 195, 196, 198, 199, 201, 202, 203, 207, 208, 211, 212, 214, 217, 218, 219, 220, 235, 236, 237, 239, 242, 253, 254, 255, 256, 257, 260, 261, 262, 263, 264, 265, 270, 271, 272, 273, 274, 275, 278, 288, 304, 305, 313, 314], "summary": {"covered_lines": 47, "num_statements": 53, "percent_covered": 88.67924528301887, "percent_covered_display": "89", "missing_lines": 6, "excluded_lines": 0, "percent_statements_covered": 88.67924528301887, "percent_statements_covered_display": "89"}, "missing_lines": [213, 306, 307, 308, 309, 310], "excluded_lines": []}, "ValidationFieldRule": {"executed_lines": [], "summary": {"covered_lines": 0, "num_statements": 0, "percent_covered": 100.0, "percent_covered_display": "100", "missing_lines": 0, "excluded_lines": 0, "percent_statements_covered": 100.0, "percent_statements_covered_display": "100"}, "missing_lines": [], "excluded_lines": []}, "ValidationSchemaSettings": {"executed_lines": [], "summary": {"covered_lines": 0, "num_statements": 0, "percent_covered": 100.0, "percent_covered_display": "100", "missing_lines": 0, "excluded_lines": 0, "percent_statements_covered": 100.0, "percent_statements_covered_display": "100"}, "missing_lines": [], "excluded_lines": []}, "ValidationSchemaAction": {"executed_lines": [372, 373, 376, 377, 378, 381, 382, 383, 385, 386, 387, 390, 393, 394, 396, 397, 403, 412, 413, 417, 418, 427, 428, 430, 431, 432, 434, 435, 436, 438, 441, 443, 449, 450, 452, 454, 455, 456, 458, 467, 468, 469, 470, 473, 474], "summary": {"covered_lines": 45, "num_statements": 52, "percent_covered": 86.53846153846153, "percent_covered_display": "87", "missing_lines": 7, "excluded_lines": 0, "percent_statements_covered": 86.53846153846153, "percent_statements_covered_display": "87"}, "missing_lines": [379, 437, 439, 451, 475, 476, 482], "excluded_lines": []}, "": {"executed_lines": [1, 3, 5, 6, 8, 10, 11, 12, 13, 16, 17, 19, 23, 27, 31, 37, 38, 40, 56, 60, 109, 116, 131, 135, 145, 146, 148, 152, 156, 160, 164, 170, 171, 173, 189, 193, 210, 216, 234, 241, 250, 259, 267, 277, 285, 298, 312, 317, 318, 320, 321, 324, 325, 328, 329, 331, 332, 336, 342, 343, 345, 361, 371, 375, 410, 415, 420, 445, 460, 472], "summary": {"covered_lines": 62, "num_statements": 62, "percent_covered": 100.0, "percent_covered_display": "100", "missing_lines": 0, "excluded_lines": 0, "percent_statements_covered": 100.0, "percent_statements_covered_display": "100"}, "missing_lines": [], "excluded_lines": []}}}, "oneiric/actions/debug.py": {"executed_lines": [1, 3, 5, 6, 7, 8, 10, 12, 13, 14, 15, 18, 19, 21, 25, 29, 33, 37, 43, 44, 46, 62, 64, 65, 66, 68, 69, 70, 71, 73, 74, 76, 77, 78, 79, 81, 82, 83, 84, 85, 86, 87, 88, 89, 90, 91, 97, 99, 100, 101, 102, 104, 108, 109, 110, 111, 112, 113, 114, 116, 117, 118, 119, 120, 121, 123, 124, 125, 126, 137, 138, 139, 145, 147], "summary": {"covered_lines": 71, "num_statements": 86, "percent_covered": 82.55813953488372, "percent_covered_display": "83", "missing_lines": 15, "excluded_lines": 0, "percent_statements_covered": 82.55813953488372, "percent_statements_covered_display": "83"}, "missing_lines": [72, 75, 80, 98, 105, 106, 115, 127, 128, 129, 130, 133, 134, 135, 146], "excluded_lines": [], "functions": {"DebugConsoleAction.__init__": {"executed_lines": [65, 66], "summary": {"covered_lines": 2, "num_statements": 2, "percent_covered": 100.0, "percent_covered_display": "100", "missing_lines": 0, "excluded_lines": 0, "percent_statements_covered": 100.0, "percent_statements_covered_display": "100"}, "missing_lines": [], "excluded_lines": []}, "DebugConsoleAction.execute": {"executed_lines": [69, 70, 71, 73, 74, 76, 77, 78, 79, 81, 82, 83, 84, 85, 86, 87, 88, 89, 90, 91, 97, 99, 100, 101, 102], "summary": {"covered_lines": 25, "num_statements": 29, "percent_covered": 86.20689655172414, "percent_covered_display": "86", "missing_lines": 4, "excluded_lines": 0, "percent_statements_covered": 86.20689655172414, "percent_statements_covered_display": "86"}, "missing_lines": [72, 75, 80, 98], "excluded_lines": []}, "DebugConsoleAction._emit_log": {"executed_lines": [], "summary": {"covered_lines": 0, "num_statements": 2, "percent_covered": 0.0, "percent_covered_display": "0", "missing_lines": 2, "excluded_lines": 0, "percent_statements_covered": 0.0, "percent_statements_covered_display": "0"}, "missing_lines": [105, 106], "excluded_lines": []}, "DebugConsoleAction._echo": {"executed_lines": [109, 110, 111, 112, 113, 114, 116, 117, 118, 119, 120, 121], "summary": {"covered_lines": 12, "num_statements": 13, "percent_covered": 92.3076923076923, "percent_covered_display": "92", "missing_lines": 1, "excluded_lines": 0, "percent_statements_covered": 92.3076923076923, "percent_statements_covered_display": "92"}, "missing_lines": [115], "excluded_lines": []}, "DebugConsoleAction._merge_scrub_fields": {"executed_lines": [124, 125, 126], "summary": {"covered_lines": 3, "num_statements": 10, "percent_covered": 30.0, "percent_covered_display": "30", "missing_lines": 7, "excluded_lines": 0, "percent_statements_covered": 30.0, "percent_statements_covered_display": "30"}, "missing_lines": [127, 128, 129, 130, 133, 134, 135], "excluded_lines": []}, "DebugConsoleAction._scrub": {"executed_lines": [138, 139, 145, 147], "summary": {"covered_lines": 4, "num_statements": 5, "percent_covered": 80.0, "percent_covered_display": "80", "missing_lines": 1, "excluded_lines": 0, "percent_statements_covered": 80.0, "percent_statements_covered_display": "80"}, "missing_lines": [146], "excluded_lines": []}, "": {"executed_lines": [1, 3, 5, 6, 7, 8, 10, 12, 13, 14, 15, 18, 19, 21, 25, 29, 33, 37, 43, 44, 46, 62, 64, 68, 104, 108, 123, 137], "summary": {"covered_lines": 25, "num_statements": 25, "percent_covered": 100.0, "percent_covered_display": "100", "missing_lines": 0, "excluded_lines": 0, "percent_statements_covered": 100.0, "percent_statements_covered_display": "100"}, "missing_lines": [], "excluded_lines": []}}, "classes": {"DebugConsoleSettings": {"executed_lines": [], "summary": {"covered_lines": 0, "num_statements": 0, "percent_covered": 100.0, "percent_covered_display": "100", "missing_lines": 0, "excluded_lines": 0, "percent_statements_covered": 100.0, "percent_statements_covered_display": "100"}, "missing_lines": [], "excluded_lines": []}, "DebugConsoleAction": {"executed_lines": [65, 66, 69, 70, 71, 73, 74, 76, 77, 78, 79, 81, 82, 83, 84, 85, 86, 87, 88, 89, 90, 91, 97, 99, 100, 101, 102, 109, 110, 111, 112, 113, 114, 116, 117, 118, 119, 120, 121, 124, 125, 126, 138, 139, 145, 147], "summary": {"covered_lines": 46, "num_statements": 61, "percent_covered": 75.40983606557377, "percent_covered_display": "75", "missing_lines": 15, "excluded_lines": 0, "percent_statements_covered": 75.40983606557377, "percent_statements_covered_display": "75"}, "missing_lines": [72, 75, 80, 98, 105, 106, 115, 127, 128, 129, 130, 133, 134, 135, 146], "excluded_lines": []}, "": {"executed_lines": [1, 3, 5, 6, 7, 8, 10, 12, 13, 14, 15, 18, 19, 21, 25, 29, 33, 37, 43, 44, 46, 62, 64, 68, 104, 108, 123, 137], "summary": {"covered_lines": 25, "num_statements": 25, "percent_covered": 100.0, "percent_covered_display": "100", "missing_lines": 0, "excluded_lines": 0, "percent_statements_covered": 100.0, "percent_statements_covered_display": "100"}, "missing_lines": [], "excluded_lines": []}}}, "oneiric/actions/event.py": {"executed_lines": [1, 3, 5, 6, 7, 8, 9, 10, 11, 12, 14, 15, 17, 18, 19, 20, 23, 24, 26, 28, 29, 30, 34, 38, 42, 47, 53, 54, 56, 60, 64, 69, 74, 79, 85, 86, 88, 104, 110, 111, 112, 114, 115, 116, 117, 119, 120, 122, 123, 125, 126, 127, 128, 136, 137, 138, 139, 140, 145, 154, 163, 164, 166, 168, 169, 170, 171, 174, 175, 177, 179, 185, 187, 188, 189, 190, 191, 192, 193, 194, 197, 198, 199, 200, 204, 205, 206, 208, 209, 210, 211, 214, 215, 217, 224, 225, 226, 227, 228, 230, 231, 234, 235, 242, 243, 244, 267, 276, 284, 292], "summary": {"covered_lines": 105, "num_statements": 118, "percent_covered": 88.98305084745763, "percent_covered_display": "89", "missing_lines": 13, "excluded_lines": 11, "percent_statements_covered": 88.98305084745763, "percent_statements_covered_display": "89"}, "missing_lines": [118, 121, 124, 165, 167, 176, 186, 213, 229, 232, 233, 250, 251], "excluded_lines": [172, 173, 258, 259, 260, 284, 285, 286, 287, 288, 289], "functions": {"EventDispatchAction.__init__": {"executed_lines": [110, 111, 112], "summary": {"covered_lines": 3, "num_statements": 3, "percent_covered": 100.0, "percent_covered_display": "100", "missing_lines": 0, "excluded_lines": 0, "percent_statements_covered": 100.0, "percent_statements_covered_display": "100"}, "missing_lines": [], "excluded_lines": []}, "EventDispatchAction.execute": {"executed_lines": [115, 116, 117, 119, 120, 122, 123, 125, 126, 127, 128, 136, 137, 138, 139, 140, 145, 154], "summary": {"covered_lines": 18, "num_statements": 21, "percent_covered": 85.71428571428571, "percent_covered_display": "86", "missing_lines": 3, "excluded_lines": 0, "percent_statements_covered": 85.71428571428571, "percent_statements_covered_display": "86"}, "missing_lines": [118, 121, 124], "excluded_lines": []}, "EventDispatchAction._parse_hooks": {"executed_lines": [164, 166, 168, 169, 170, 171, 174, 175, 177], "summary": {"covered_lines": 9, "num_statements": 12, "percent_covered": 75.0, "percent_covered_display": "75", "missing_lines": 3, "excluded_lines": 2, "percent_statements_covered": 75.0, "percent_statements_covered_display": "75"}, "missing_lines": [165, 167, 176], "excluded_lines": [172, 173]}, "EventDispatchAction._process_hooks": {"executed_lines": [185, 187, 188, 189, 190, 191, 192, 193, 194, 197, 198, 199, 200, 204, 205, 206], "summary": {"covered_lines": 16, "num_statements": 17, "percent_covered": 94.11764705882354, "percent_covered_display": "94", "missing_lines": 1, "excluded_lines": 0, "percent_statements_covered": 94.11764705882354, "percent_statements_covered_display": "94"}, "missing_lines": [186], "excluded_lines": []}, "EventDispatchAction._acquire_client": {"executed_lines": [210, 211, 214, 215], "summary": {"covered_lines": 4, "num_statements": 5, "percent_covered": 80.0, "percent_covered_display": "80", "missing_lines": 1, "excluded_lines": 0, "percent_statements_covered": 80.0, "percent_statements_covered_display": "80"}, "missing_lines": [213], "excluded_lines": []}, "EventDispatchAction._dispatch_hook": {"executed_lines": [224, 225, 226, 227, 228, 230, 231, 234, 235, 242, 243, 244], "summary": {"covered_lines": 12, "num_statements": 17, "percent_covered": 70.58823529411765, "percent_covered_display": "71", "missing_lines": 5, "excluded_lines": 3, "percent_statements_covered": 70.58823529411765, "percent_statements_covered_display": "71"}, "missing_lines": [229, 232, 233, 250, 251], "excluded_lines": [258, 259, 260]}, "EventDispatchAction._hook_result": {"executed_lines": [276], "summary": {"covered_lines": 1, "num_statements": 1, "percent_covered": 100.0, "percent_covered_display": "100", "missing_lines": 0, "excluded_lines": 0, "percent_statements_covered": 100.0, "percent_statements_covered_display": "100"}, "missing_lines": [], "excluded_lines": []}, "EventDispatchAction._json_default": {"executed_lines": [], "summary": {"covered_lines": 0, "num_statements": 0, "percent_covered": 100.0, "percent_covered_display": "100", "missing_lines": 0, "excluded_lines": 5, "percent_statements_covered": 100.0, "percent_statements_covered_display": "100"}, "missing_lines": [], "excluded_lines": [285, 286, 287, 288, 289]}, "": {"executed_lines": [1, 3, 5, 6, 7, 8, 9, 10, 11, 12, 14, 15, 17, 18, 19, 20, 23, 24, 26, 28, 29, 30, 34, 38, 42, 47, 53, 54, 56, 60, 64, 69, 74, 79, 85, 86, 88, 104, 114, 163, 179, 208, 209, 217, 267, 284, 292], "summary": {"covered_lines": 42, "num_statements": 42, "percent_covered": 100.0, "percent_covered_display": "100", "missing_lines": 0, "excluded_lines": 1, "percent_statements_covered": 100.0, "percent_statements_covered_display": "100"}, "missing_lines": [], "excluded_lines": [284]}}, "classes": {"EventHookConfig": {"executed_lines": [], "summary": {"covered_lines": 0, "num_statements": 0, "percent_covered": 100.0, "percent_covered_display": "100", "missing_lines": 0, "excluded_lines": 0, "percent_statements_covered": 100.0, "percent_statements_covered_display": "100"}, "missing_lines": [], "excluded_lines": []}, "EventDispatchSettings": {"executed_lines": [], "summary": {"covered_lines": 0, "num_statements": 0, "percent_covered": 100.0, "percent_covered_display": "100", "missing_lines": 0, "excluded_lines": 0, "percent_statements_covered": 100.0, "percent_statements_covered_display": "100"}, "missing_lines": [], "excluded_lines": []}, "EventDispatchAction": {"executed_lines": [110, 111, 112, 115, 116, 117, 119, 120, 122, 123, 125, 126, 127, 128, 136, 137, 138, 139, 140, 145, 154, 164, 166, 168, 169, 170, 171, 174, 175, 177, 185, 187, 188, 189, 190, 191, 192, 193, 194, 197, 198, 199, 200, 204, 205, 206, 210, 211, 214, 215, 224, 225, 226, 227, 228, 230, 231, 234, 235, 242, 243, 244, 276], "summary": {"covered_lines": 63, "num_statements": 76, "percent_covered": 82.89473684210526, "percent_covered_display": "83", "missing_lines": 13, "excluded_lines": 10, "percent_statements_covered": 82.89473684210526, "percent_statements_covered_display": "83"}, "missing_lines": [118, 121, 124, 165, 167, 176, 186, 213, 229, 232, 233, 250, 251], "excluded_lines": [172, 173, 258, 259, 260, 285, 286, 287, 288, 289]}, "": {"executed_lines": [1, 3, 5, 6, 7, 8, 9, 10, 11, 12, 14, 15, 17, 18, 19, 20, 23, 24, 26, 28, 29, 30, 34, 38, 42, 47, 53, 54, 56, 60, 64, 69, 74, 79, 85, 86, 88, 104, 114, 163, 179, 208, 209, 217, 267, 284, 292], "summary": {"covered_lines": 42, "num_statements": 42, "percent_covered": 100.0, "percent_covered_display": "100", "missing_lines": 0, "excluded_lines": 1, "percent_statements_covered": 100.0, "percent_statements_covered_display": "100"}, "missing_lines": [], "excluded_lines": [284]}}}, "oneiric/actions/http.py": {"executed_lines": [1, 3, 5, 6, 7, 9, 10, 12, 13, 14, 15, 18, 19, 21, 25, 31, 36, 40, 44, 48, 54, 55, 57, 73, 83, 89, 90, 91, 93, 94, 95, 98, 100, 101, 104, 105, 106, 107, 110, 113, 125, 126, 127, 128, 129, 133, 134, 145, 152, 154, 155, 156, 157, 158, 160, 161, 162, 164, 166, 167, 168, 169, 170, 171, 172, 175, 176, 177, 178, 179, 182, 196, 203, 204, 218, 219, 220, 227, 229], "summary": {"covered_lines": 76, "num_statements": 93, "percent_covered": 81.72043010752688, "percent_covered_display": "82", "missing_lines": 17, "excluded_lines": 0, "percent_statements_covered": 81.72043010752688, "percent_statements_covered_display": "82"}, "missing_lines": [99, 130, 131, 132, 159, 163, 173, 180, 211, 216, 221, 222, 223, 224, 225, 226, 228], "excluded_lines": [], "functions": {"HttpFetchAction.__init__": {"executed_lines": [89, 90, 91], "summary": {"covered_lines": 3, "num_statements": 3, "percent_covered": 100.0, "percent_covered_display": "100", "missing_lines": 0, "excluded_lines": 0, "percent_statements_covered": 100.0, "percent_statements_covered_display": "100"}, "missing_lines": [], "excluded_lines": []}, "HttpFetchAction.execute": {"executed_lines": [94, 95, 98, 100, 101, 104, 105, 106, 107, 110, 113, 125, 126, 127, 128, 129, 133, 134, 145, 152], "summary": {"covered_lines": 20, "num_statements": 24, "percent_covered": 83.33333333333333, "percent_covered_display": "83", "missing_lines": 4, "excluded_lines": 0, "percent_statements_covered": 83.33333333333333, "percent_statements_covered_display": "83"}, "missing_lines": [99, 130, 131, 132], "excluded_lines": []}, "HttpFetchAction._build_url": {"executed_lines": [155, 156, 157, 158, 160, 161, 162, 164], "summary": {"covered_lines": 8, "num_statements": 10, "percent_covered": 80.0, "percent_covered_display": "80", "missing_lines": 2, "excluded_lines": 0, "percent_statements_covered": 80.0, "percent_statements_covered_display": "80"}, "missing_lines": [159, 163], "excluded_lines": []}, "HttpFetchAction._merge_headers": {"executed_lines": [167, 168, 169, 170, 171, 172], "summary": {"covered_lines": 6, "num_statements": 7, "percent_covered": 85.71428571428571, "percent_covered_display": "86", "missing_lines": 1, "excluded_lines": 0, "percent_statements_covered": 85.71428571428571, "percent_statements_covered_display": "86"}, "missing_lines": [173], "excluded_lines": []}, "HttpFetchAction._normalize_mapping": {"executed_lines": [176, 177, 178, 179], "summary": {"covered_lines": 4, "num_statements": 5, "percent_covered": 80.0, "percent_covered_display": "80", "missing_lines": 1, "excluded_lines": 0, "percent_statements_covered": 80.0, "percent_statements_covered_display": "80"}, "missing_lines": [180], "excluded_lines": []}, "HttpFetchAction._send_request": {"executed_lines": [196, 203, 204], "summary": {"covered_lines": 3, "num_statements": 5, "percent_covered": 60.0, "percent_covered_display": "60", "missing_lines": 2, "excluded_lines": 0, "percent_statements_covered": 60.0, "percent_statements_covered_display": "60"}, "missing_lines": [211, 216], "excluded_lines": []}, "HttpFetchAction._elapsed_ms": {"executed_lines": [219, 220, 227, 229], "summary": {"covered_lines": 4, "num_statements": 11, "percent_covered": 36.36363636363637, "percent_covered_display": "36", "missing_lines": 7, "excluded_lines": 0, "percent_statements_covered": 36.36363636363637, "percent_statements_covered_display": "36"}, "missing_lines": [221, 222, 223, 224, 225, 226, 228], "excluded_lines": []}, "": {"executed_lines": [1, 3, 5, 6, 7, 9, 10, 12, 13, 14, 15, 18, 19, 21, 25, 31, 36, 40, 44, 48, 54, 55, 57, 73, 83, 93, 154, 166, 175, 182, 218], "summary": {"covered_lines": 28, "num_statements": 28, "percent_covered": 100.0, "percent_covered_display": "100", "missing_lines": 0, "excluded_lines": 0, "percent_statements_covered": 100.0, "percent_statements_covered_display": "100"}, "missing_lines": [], "excluded_lines": []}}, "classes": {"HttpActionSettings": {"executed_lines": [], "summary": {"covered_lines": 0, "num_statements": 0, "percent_covered": 100.0, "percent_covered_display": "100", "missing_lines": 0, "excluded_lines": 0, "percent_statements_covered": 100.0, "percent_statements_covered_display": "100"}, "missing_lines": [], "excluded_lines": []}, "HttpFetchAction": {"executed_lines": [89, 90, 91, 94, 95, 98, 100, 101, 104, 105, 106, 107, 110, 113, 125, 126, 127, 128, 129, 133, 134, 145, 152, 155, 156, 157, 158, 160, 161, 162, 164, 167, 168, 169, 170, 171, 172, 176, 177, 178, 179, 196, 203, 204, 219, 220, 227, 229], "summary": {"covered_lines": 48, "num_statements": 65, "percent_covered": 73.84615384615384, "percent_covered_display": "74", "missing_lines": 17, "excluded_lines": 0, "percent_statements_covered": 73.84615384615384, "percent_statements_covered_display": "74"}, "missing_lines": [99, 130, 131, 132, 159, 163, 173, 180, 211, 216, 221, 222, 223, 224, 225, 226, 228], "excluded_lines": []}, "": {"executed_lines": [1, 3, 5, 6, 7, 9, 10, 12, 13, 14, 15, 18, 19, 21, 25, 31, 36, 40, 44, 48, 54, 55, 57, 73, 83, 93, 154, 166, 175, 182, 218], "summary": {"covered_lines": 28, "num_statements": 28, "percent_covered": 100.0, "percent_covered_display": "100", "missing_lines": 0, "excluded_lines": 0, "percent_statements_covered": 100.0, "percent_statements_covered_display": "100"}, "missing_lines": [], "excluded_lines": []}}}, "oneiric/actions/metadata.py": {"executed_lines": [1, 3, 5, 6, 8, 10, 11, 13, 15, 18, 19, 21, 23, 24, 25, 26, 27, 30, 31, 32, 33, 34, 35, 36, 37, 38, 40, 42, 44, 45, 49, 50, 59, 62, 74, 83, 84, 87], "summary": {"covered_lines": 36, "num_statements": 37, "percent_covered": 97.29729729729729, "percent_covered_display": "97", "missing_lines": 1, "excluded_lines": 0, "percent_statements_covered": 97.29729729729729, "percent_statements_covered_display": "97"}, "missing_lines": [43], "excluded_lines": [], "functions": {"ActionMetadata.to_candidate": {"executed_lines": [42, 44, 45, 49, 50, 59, 62], "summary": {"covered_lines": 7, "num_statements": 8, "percent_covered": 87.5, "percent_covered_display": "88", "missing_lines": 1, "excluded_lines": 0, "percent_statements_covered": 87.5, "percent_statements_covered_display": "88"}, "missing_lines": [43], "excluded_lines": []}, "register_action_metadata": {"executed_lines": [83, 84, 87], "summary": {"covered_lines": 3, "num_statements": 3, "percent_covered": 100.0, "percent_covered_display": "100", "missing_lines": 0, "excluded_lines": 0, "percent_statements_covered": 100.0, "percent_statements_covered_display": "100"}, "missing_lines": [], "excluded_lines": []}, "": {"executed_lines": [1, 3, 5, 6, 8, 10, 11, 13, 15, 18, 19, 21, 23, 24, 25, 26, 27, 30, 31, 32, 33, 34, 35, 36, 37, 38, 40, 74], "summary": {"covered_lines": 26, "num_statements": 26, "percent_covered": 100.0, "percent_covered_display": "100", "missing_lines": 0, "excluded_lines": 0, "percent_statements_covered": 100.0, "percent_statements_covered_display": "100"}, "missing_lines": [], "excluded_lines": []}}, "classes": {"ActionMetadata": {"executed_lines": [42, 44, 45, 49, 50, 59, 62], "summary": {"covered_lines": 7, "num_statements": 8, "percent_covered": 87.5, "percent_covered_display": "88", "missing_lines": 1, "excluded_lines": 0, "percent_statements_covered": 87.5, "percent_statements_covered_display": "88"}, "missing_lines": [43], "excluded_lines": []}, "": {"executed_lines": [1, 3, 5, 6, 8, 10, 11, 13, 15, 18, 19, 21, 23, 24, 25, 26, 27, 30, 31, 32, 33, 34, 35, 36, 37, 38, 40, 74, 83, 84, 87], "summary": {"covered_lines": 29, "num_statements": 29, "percent_covered": 100.0, "percent_covered_display": "100", "missing_lines": 0, "excluded_lines": 0, "percent_statements_covered": 100.0, "percent_statements_covered_display": "100"}, "missing_lines": [], "excluded_lines": []}}}, "oneiric/actions/security.py": {"executed_lines": [1, 3, 5, 6, 7, 8, 9, 10, 11, 13, 15, 16, 17, 18, 21, 22, 24, 28, 32, 36, 40, 46, 47, 49, 65, 71, 72, 73, 75, 76, 77, 78, 79, 80, 81, 83, 84, 86, 87, 88, 89, 90, 91, 92, 94, 95, 102, 104, 107, 109, 110, 111, 112, 114, 115, 118, 119, 121, 122, 123, 124, 131, 132, 134, 137, 141, 147, 148, 150, 166, 167, 168, 170, 171, 172, 173, 174, 175, 176, 177, 178, 179, 180, 181, 186, 187, 188, 190, 193, 194, 195, 196, 202, 203, 210, 211, 212, 213, 214, 217, 222, 228, 229, 230, 235], "summary": {"covered_lines": 100, "num_statements": 118, "percent_covered": 84.7457627118644, "percent_covered_display": "85", "missing_lines": 18, "excluded_lines": 2, "percent_statements_covered": 84.7457627118644, "percent_statements_covered_display": "85"}, "missing_lines": [82, 85, 103, 113, 116, 120, 182, 183, 184, 189, 221, 236, 237, 238, 239, 240, 241, 242], "excluded_lines": [127, 128], "functions": {"SecuritySignatureAction.__init__": {"executed_lines": [72, 73], "summary": {"covered_lines": 2, "num_statements": 2, "percent_covered": 100.0, "percent_covered_display": "100", "missing_lines": 0, "excluded_lines": 0, "percent_statements_covered": 100.0, "percent_statements_covered_display": "100"}, "missing_lines": [], "excluded_lines": []}, "SecuritySignatureAction.execute": {"executed_lines": [76, 77, 78, 79, 80, 81, 83, 84, 86, 87, 88, 89, 90, 91, 92, 94, 95, 102, 104, 107], "summary": {"covered_lines": 20, "num_statements": 23, "percent_covered": 86.95652173913044, "percent_covered_display": "87", "missing_lines": 3, "excluded_lines": 0, "percent_statements_covered": 86.95652173913044, "percent_statements_covered_display": "87"}, "missing_lines": [82, 85, 103], "excluded_lines": []}, "SecuritySignatureAction._normalize_message": {"executed_lines": [110, 111, 112, 114, 115], "summary": {"covered_lines": 5, "num_statements": 7, "percent_covered": 71.42857142857143, "percent_covered_display": "71", "missing_lines": 2, "excluded_lines": 0, "percent_statements_covered": 71.42857142857143, "percent_statements_covered_display": "71"}, "missing_lines": [113, 116], "excluded_lines": []}, "SecuritySignatureAction._to_bytes": {"executed_lines": [119, 121, 122, 123, 124], "summary": {"covered_lines": 5, "num_statements": 6, "percent_covered": 83.33333333333333, "percent_covered_display": "83", "missing_lines": 1, "excluded_lines": 2, "percent_statements_covered": 83.33333333333333, "percent_statements_covered_display": "83"}, "missing_lines": [120], "excluded_lines": [127, 128]}, "SecuritySecureAction.__init__": {"executed_lines": [167, 168], "summary": {"covered_lines": 2, "num_statements": 2, "percent_covered": 100.0, "percent_covered_display": "100", "missing_lines": 0, "excluded_lines": 0, "percent_statements_covered": 100.0, "percent_statements_covered_display": "100"}, "missing_lines": [], "excluded_lines": []}, "SecuritySecureAction.execute": {"executed_lines": [171, 172, 173, 174, 175, 176, 177, 178, 179, 180, 181], "summary": {"covered_lines": 11, "num_statements": 14, "percent_covered": 78.57142857142857, "percent_covered_display": "79", "missing_lines": 3, "excluded_lines": 0, "percent_statements_covered": 78.57142857142857, "percent_statements_covered_display": "79"}, "missing_lines": [182, 183, 184], "excluded_lines": []}, "SecuritySecureAction._hash_password": {"executed_lines": [187, 188, 190, 193, 194, 195, 196, 202, 203], "summary": {"covered_lines": 9, "num_statements": 10, "percent_covered": 90.0, "percent_covered_display": "90", "missing_lines": 1, "excluded_lines": 0, "percent_statements_covered": 90.0, "percent_statements_covered_display": "90"}, "missing_lines": [189], "excluded_lines": []}, "SecuritySecureAction._verify_password": {"executed_lines": [211, 212, 213, 214, 217, 222, 228, 229, 230], "summary": {"covered_lines": 9, "num_statements": 10, "percent_covered": 90.0, "percent_covered_display": "90", "missing_lines": 1, "excluded_lines": 0, "percent_statements_covered": 90.0, "percent_statements_covered_display": "90"}, "missing_lines": [221], "excluded_lines": []}, "SecuritySecureAction._compare": {"executed_lines": [], "summary": {"covered_lines": 0, "num_statements": 7, "percent_covered": 0.0, "percent_covered_display": "0", "missing_lines": 7, "excluded_lines": 0, "percent_statements_covered": 0.0, "percent_statements_covered_display": "0"}, "missing_lines": [236, 237, 238, 239, 240, 241, 242], "excluded_lines": []}, "": {"executed_lines": [1, 3, 5, 6, 7, 8, 9, 10, 11, 13, 15, 16, 17, 18, 21, 22, 24, 28, 32, 36, 40, 46, 47, 49, 65, 71, 75, 109, 118, 131, 132, 134, 137, 141, 147, 148, 150, 166, 170, 186, 210, 235], "summary": {"covered_lines": 37, "num_statements": 37, "percent_covered": 100.0, "percent_covered_display": "100", "missing_lines": 0, "excluded_lines": 0, "percent_statements_covered": 100.0, "percent_statements_covered_display": "100"}, "missing_lines": [], "excluded_lines": []}}, "classes": {"SecuritySignatureSettings": {"executed_lines": [], "summary": {"covered_lines": 0, "num_statements": 0, "percent_covered": 100.0, "percent_covered_display": "100", "missing_lines": 0, "excluded_lines": 0, "percent_statements_covered": 100.0, "percent_statements_covered_display": "100"}, "missing_lines": [], "excluded_lines": []}, "SecuritySignatureAction": {"executed_lines": [72, 73, 76, 77, 78, 79, 80, 81, 83, 84, 86, 87, 88, 89, 90, 91, 92, 94, 95, 102, 104, 107, 110, 111, 112, 114, 115, 119, 121, 122, 123, 124], "summary": {"covered_lines": 32, "num_statements": 38, "percent_covered": 84.21052631578948, "percent_covered_display": "84", "missing_lines": 6, "excluded_lines": 2, "percent_statements_covered": 84.21052631578948, "percent_statements_covered_display": "84"}, "missing_lines": [82, 85, 103, 113, 116, 120], "excluded_lines": [127, 128]}, "SecuritySecureSettings": {"executed_lines": [], "summary": {"covered_lines": 0, "num_statements": 0, "percent_covered": 100.0, "percent_covered_display": "100", "missing_lines": 0, "excluded_lines": 0, "percent_statements_covered": 100.0, "percent_statements_covered_display": "100"}, "missing_lines": [], "excluded_lines": []}, "SecuritySecureAction": {"executed_lines": [167, 168, 171, 172, 173, 174, 175, 176, 177, 178, 179, 180, 181, 187, 188, 190, 193, 194, 195, 196, 202, 203, 211, 212, 213, 214, 217, 222, 228, 229, 230], "summary": {"covered_lines": 31, "num_statements": 43, "percent_covered": 72.09302325581395, "percent_covered_display": "72", "missing_lines": 12, "excluded_lines": 0, "percent_statements_covered": 72.09302325581395, "percent_statements_covered_display": "72"}, "missing_lines": [182, 183, 184, 189, 221, 236, 237, 238, 239, 240, 241, 242], "excluded_lines": []}, "": {"executed_lines": [1, 3, 5, 6, 7, 8, 9, 10, 11, 13, 15, 16, 17, 18, 21, 22, 24, 28, 32, 36, 40, 46, 47, 49, 65, 71, 75, 109, 118, 131, 132, 134, 137, 141, 147, 148, 150, 166, 170, 186, 210, 235], "summary": {"covered_lines": 37, "num_statements": 37, "percent_covered": 100.0, "percent_covered_display": "100", "missing_lines": 0, "excluded_lines": 0, "percent_statements_covered": 100.0, "percent_statements_covered_display": "100"}, "missing_lines": [], "excluded_lines": []}}}, "oneiric/actions/serialization.py": {"executed_lines": [1, 3, 5, 6, 7, 8, 9, 10, 12, 13, 15, 16, 17, 18, 21, 22, 24, 28, 32, 38, 39, 52, 68, 70, 71, 72, 74, 75, 76, 77, 78, 79, 82, 83, 89, 90, 91, 92, 95, 96, 97, 99, 101, 102, 103, 104, 105, 106, 107, 108, 109, 110, 111, 112, 117, 119, 120, 121, 122, 126, 127, 129, 130, 131, 133, 134, 135, 136, 137, 138, 139, 140, 146, 147, 148, 154, 156, 157, 160, 161, 165, 166, 169, 171, 173, 174, 175, 176, 178, 180, 182, 184, 185, 188, 190, 192, 193, 194, 199, 200, 201, 202, 203, 204, 205, 209, 210, 211, 212, 213, 217], "summary": {"covered_lines": 108, "num_statements": 119, "percent_covered": 90.75630252100841, "percent_covered_display": "91", "missing_lines": 11, "excluded_lines": 2, "percent_statements_covered": 90.75630252100841, "percent_statements_covered_display": "91"}, "missing_lines": [93, 98, 100, 162, 177, 183, 186, 191, 197, 207, 214], "excluded_lines": [195, 196], "functions": {"SerializationAction.__init__": {"executed_lines": [71, 72], "summary": {"covered_lines": 2, "num_statements": 2, "percent_covered": 100.0, "percent_covered_display": "100", "missing_lines": 0, "excluded_lines": 0, "percent_statements_covered": 100.0, "percent_statements_covered_display": "100"}, "missing_lines": [], "excluded_lines": []}, "SerializationAction.execute": {"executed_lines": [75, 76, 77, 78, 79, 82, 83, 89, 90, 91, 92], "summary": {"covered_lines": 11, "num_statements": 12, "percent_covered": 91.66666666666667, "percent_covered_display": "92", "missing_lines": 1, "excluded_lines": 0, "percent_statements_covered": 91.66666666666667, "percent_statements_covered_display": "92"}, "missing_lines": [93], "excluded_lines": []}, "SerializationAction._encode": {"executed_lines": [96, 97, 99, 101, 102, 103, 104, 105, 106, 107, 108, 109, 110, 111, 112, 117, 119, 120, 121, 122, 126, 127, 129, 130, 131], "summary": {"covered_lines": 25, "num_statements": 27, "percent_covered": 92.5925925925926, "percent_covered_display": "93", "missing_lines": 2, "excluded_lines": 0, "percent_statements_covered": 92.5925925925926, "percent_statements_covered_display": "93"}, "missing_lines": [98, 100], "excluded_lines": []}, "SerializationAction._decode": {"executed_lines": [134, 135, 136, 137, 138, 139, 140, 146, 147, 148], "summary": {"covered_lines": 10, "num_statements": 10, "percent_covered": 100.0, "percent_covered_display": "100", "missing_lines": 0, "excluded_lines": 0, "percent_statements_covered": 100.0, "percent_statements_covered_display": "100"}, "missing_lines": [], "excluded_lines": []}, "SerializationAction._resolve_source": {"executed_lines": [156, 157, 160, 161, 165, 166, 169], "summary": {"covered_lines": 7, "num_statements": 8, "percent_covered": 87.5, "percent_covered_display": "88", "missing_lines": 1, "excluded_lines": 0, "percent_statements_covered": 87.5, "percent_statements_covered_display": "88"}, "missing_lines": [162], "excluded_lines": []}, "SerializationAction._extract_value_from_payload": {"executed_lines": [173, 174, 175, 176, 178], "summary": {"covered_lines": 5, "num_statements": 6, "percent_covered": 83.33333333333333, "percent_covered_display": "83", "missing_lines": 1, "excluded_lines": 0, "percent_statements_covered": 83.33333333333333, "percent_statements_covered_display": "83"}, "missing_lines": [177], "excluded_lines": []}, "SerializationAction._process_text_value": {"executed_lines": [182, 184, 185], "summary": {"covered_lines": 3, "num_statements": 5, "percent_covered": 60.0, "percent_covered_display": "60", "missing_lines": 2, "excluded_lines": 0, "percent_statements_covered": 60.0, "percent_statements_covered_display": "60"}, "missing_lines": [183, 186], "excluded_lines": []}, "SerializationAction._process_binary_value": {"executed_lines": [190, 192, 193, 194], "summary": {"covered_lines": 4, "num_statements": 6, "percent_covered": 66.66666666666667, "percent_covered_display": "67", "missing_lines": 2, "excluded_lines": 2, "percent_statements_covered": 66.66666666666667, "percent_statements_covered_display": "67"}, "missing_lines": [191, 197], "excluded_lines": [195, 196]}, "SerializationAction._maybe_write_path": {"executed_lines": [200, 201, 202, 203, 204, 205], "summary": {"covered_lines": 6, "num_statements": 7, "percent_covered": 85.71428571428571, "percent_covered_display": "86", "missing_lines": 1, "excluded_lines": 0, "percent_statements_covered": 85.71428571428571, "percent_statements_covered_display": "86"}, "missing_lines": [207], "excluded_lines": []}, "SerializationAction._read_path": {"executed_lines": [210, 211, 212, 213], "summary": {"covered_lines": 4, "num_statements": 5, "percent_covered": 80.0, "percent_covered_display": "80", "missing_lines": 1, "excluded_lines": 0, "percent_statements_covered": 80.0, "percent_statements_covered_display": "80"}, "missing_lines": [214], "excluded_lines": []}, "": {"executed_lines": [1, 3, 5, 6, 7, 8, 9, 10, 12, 13, 15, 16, 17, 18, 21, 22, 24, 28, 32, 38, 39, 52, 68, 70, 74, 95, 133, 154, 171, 180, 188, 199, 209, 217], "summary": {"covered_lines": 31, "num_statements": 31, "percent_covered": 100.0, "percent_covered_display": "100", "missing_lines": 0, "excluded_lines": 0, "percent_statements_covered": 100.0, "percent_statements_covered_display": "100"}, "missing_lines": [], "excluded_lines": []}}, "classes": {"SerializationActionSettings": {"executed_lines": [], "summary": {"covered_lines": 0, "num_statements": 0, "percent_covered": 100.0, "percent_covered_display": "100", "missing_lines": 0, "excluded_lines": 0, "percent_statements_covered": 100.0, "percent_statements_covered_display": "100"}, "missing_lines": [], "excluded_lines": []}, "SerializationAction": {"executed_lines": [71, 72, 75, 76, 77, 78, 79, 82, 83, 89, 90, 91, 92, 96, 97, 99, 101, 102, 103, 104, 105, 106, 107, 108, 109, 110, 111, 112, 117, 119, 120, 121, 122, 126, 127, 129, 130, 131, 134, 135, 136, 137, 138, 139, 140, 146, 147, 148, 156, 157, 160, 161, 165, 166, 169, 173, 174, 175, 176, 178, 182, 184, 185, 190, 192, 193, 194, 200, 201, 202, 203, 204, 205, 210, 211, 212, 213], "summary": {"covered_lines": 77, "num_statements": 88, "percent_covered": 87.5, "percent_covered_display": "88", "missing_lines": 11, "excluded_lines": 2, "percent_statements_covered": 87.5, "percent_statements_covered_display": "88"}, "missing_lines": [93, 98, 100, 162, 177, 183, 186, 191, 197, 207, 214], "excluded_lines": [195, 196]}, "": {"executed_lines": [1, 3, 5, 6, 7, 8, 9, 10, 12, 13, 15, 16, 17, 18, 21, 22, 24, 28, 32, 38, 39, 52, 68, 70, 74, 95, 133, 154, 171, 180, 188, 199, 209, 217], "summary": {"covered_lines": 31, "num_statements": 31, "percent_covered": 100.0, "percent_covered_display": "100", "missing_lines": 0, "excluded_lines": 0, "percent_statements_covered": 100.0, "percent_statements_covered_display": "100"}, "missing_lines": [], "excluded_lines": []}}}, "oneiric/actions/task.py": {"executed_lines": [1, 3, 5, 6, 7, 8, 9, 10, 12, 14, 15, 16, 17, 20, 21, 23, 27, 32, 36, 44, 45, 47, 49, 50, 54, 58, 62, 66, 71, 76, 82, 86, 90, 95, 100, 104, 110, 111, 112, 114, 115, 116, 117, 118, 119, 120, 121, 122, 123, 124, 125, 128, 129, 131, 133, 134, 135, 137, 138, 139, 140, 141, 143, 145, 146, 147, 148, 149, 150, 154, 155, 156, 157, 158, 159, 161, 162, 163, 164, 166, 168, 170, 172, 173, 175, 183, 184, 185, 187, 188, 189, 190, 191, 193, 194, 197, 199, 201, 203, 204, 206, 207, 208, 211, 212, 215, 217, 221, 222, 224, 225, 226, 231, 241, 242, 244, 247, 252, 255, 256, 258, 261, 262, 264, 280, 281, 282, 284, 285, 286, 287, 290, 291, 292, 293, 294, 295, 296, 297, 298, 299, 308, 310, 311, 312, 316, 319, 320, 321, 322, 325, 326, 327, 328, 329, 331, 332, 334, 335, 340, 341, 342, 344, 345, 346, 347, 348, 363, 366, 367, 372, 373, 374, 377, 383, 386, 390, 398, 406, 415, 416, 417, 419, 422, 425, 427, 428, 430, 432, 433, 436, 439, 443, 444, 445, 447, 448, 450, 452, 455, 456, 458, 459, 460, 461, 463, 465, 467, 469, 483, 489, 490, 491, 493, 496], "summary": {"covered_lines": 209, "num_statements": 242, "percent_covered": 86.36363636363636, "percent_covered_display": "86", "missing_lines": 33, "excluded_lines": 2, "percent_statements_covered": 86.36363636363636, "percent_statements_covered_display": "86"}, "missing_lines": [136, 151, 152, 160, 165, 167, 169, 209, 213, 228, 229, 243, 245, 248, 253, 257, 288, 289, 323, 324, 330, 333, 343, 368, 369, 370, 375, 423, 434, 453, 462, 464, 492], "excluded_lines": [313, 314], "functions": {"_CronExpression.__init__": {"executed_lines": [134, 135, 137, 138, 139, 140, 141, 143], "summary": {"covered_lines": 8, "num_statements": 9, "percent_covered": 88.88888888888889, "percent_covered_display": "89", "missing_lines": 1, "excluded_lines": 0, "percent_statements_covered": 88.88888888888889, "percent_statements_covered_display": "89"}, "missing_lines": [136], "excluded_lines": []}, "_CronExpression.next_after": {"executed_lines": [146, 147, 148, 149, 150], "summary": {"covered_lines": 5, "num_statements": 7, "percent_covered": 71.42857142857143, "percent_covered_display": "71", "missing_lines": 2, "excluded_lines": 0, "percent_statements_covered": 71.42857142857143, "percent_statements_covered_display": "71"}, "missing_lines": [151, 152], "excluded_lines": []}, "_CronExpression._matches": {"executed_lines": [155, 156, 157, 158, 159, 161, 162, 163, 164, 166, 168, 170], "summary": {"covered_lines": 12, "num_statements": 16, "percent_covered": 75.0, "percent_covered_display": "75", "missing_lines": 4, "excluded_lines": 0, "percent_statements_covered": 75.0, "percent_statements_covered_display": "75"}, "missing_lines": [160, 165, 167, 169], "excluded_lines": []}, "_CronExpression._match_field": {"executed_lines": [173], "summary": {"covered_lines": 1, "num_statements": 1, "percent_covered": 100.0, "percent_covered_display": "100", "missing_lines": 0, "excluded_lines": 0, "percent_statements_covered": 100.0, "percent_statements_covered_display": "100"}, "missing_lines": [], "excluded_lines": []}, "_CronExpression._parse_field": {"executed_lines": [183, 184, 185, 187, 188, 189, 190, 191, 193, 194, 197, 199], "summary": {"covered_lines": 12, "num_statements": 12, "percent_covered": 100.0, "percent_covered_display": "100", "missing_lines": 0, "excluded_lines": 0, "percent_statements_covered": 100.0, "percent_statements_covered_display": "100"}, "missing_lines": [], "excluded_lines": []}, "_CronExpression._extract_step": {"executed_lines": [203, 204, 206, 207, 208, 211, 212, 215], "summary": {"covered_lines": 8, "num_statements": 10, "percent_covered": 80.0, "percent_covered_display": "80", "missing_lines": 2, "excluded_lines": 0, "percent_statements_covered": 80.0, "percent_statements_covered_display": "80"}, "missing_lines": [209, 213], "excluded_lines": []}, "_CronExpression._parse_range": {"executed_lines": [221, 222, 224, 225, 226], "summary": {"covered_lines": 5, "num_statements": 7, "percent_covered": 71.42857142857143, "percent_covered_display": "71", "missing_lines": 2, "excluded_lines": 0, "percent_statements_covered": 71.42857142857143, "percent_statements_covered_display": "71"}, "missing_lines": [228, 229], "excluded_lines": []}, "_CronExpression._validate_range": {"executed_lines": [241, 242, 244, 247, 252], "summary": {"covered_lines": 5, "num_statements": 9, "percent_covered": 55.55555555555556, "percent_covered_display": "56", "missing_lines": 4, "excluded_lines": 0, "percent_statements_covered": 55.55555555555556, "percent_statements_covered_display": "56"}, "missing_lines": [243, 245, 248, 253], "excluded_lines": []}, "_CronExpression._normalize_weekday": {"executed_lines": [256, 258], "summary": {"covered_lines": 2, "num_statements": 3, "percent_covered": 66.66666666666667, "percent_covered_display": "67", "missing_lines": 1, "excluded_lines": 0, "percent_statements_covered": 66.66666666666667, "percent_statements_covered_display": "67"}, "missing_lines": [257], "excluded_lines": []}, "TaskScheduleAction.__init__": {"executed_lines": [281, 282], "summary": {"covered_lines": 2, "num_statements": 2, "percent_covered": 100.0, "percent_covered_display": "100", "missing_lines": 0, "excluded_lines": 0, "percent_statements_covered": 100.0, "percent_statements_covered_display": "100"}, "missing_lines": [], "excluded_lines": []}, "TaskScheduleAction.execute": {"executed_lines": [285, 286, 287, 290, 291, 292, 293, 294, 295, 296, 297, 298, 299, 308], "summary": {"covered_lines": 14, "num_statements": 16, "percent_covered": 87.5, "percent_covered_display": "88", "missing_lines": 2, "excluded_lines": 0, "percent_statements_covered": 87.5, "percent_statements_covered_display": "88"}, "missing_lines": [288, 289], "excluded_lines": []}, "TaskScheduleAction._resolve_timezone": {"executed_lines": [311, 312], "summary": {"covered_lines": 2, "num_statements": 2, "percent_covered": 100.0, "percent_covered_display": "100", "missing_lines": 0, "excluded_lines": 2, "percent_statements_covered": 100.0, "percent_statements_covered_display": "100"}, "missing_lines": [], "excluded_lines": [313, 314]}, "TaskScheduleAction._build_rule": {"executed_lines": [319, 320, 321, 322, 325, 326, 327, 328, 329, 331, 332, 334, 335, 340, 341, 342, 344, 345, 346, 347, 348], "summary": {"covered_lines": 21, "num_statements": 26, "percent_covered": 80.76923076923077, "percent_covered_display": "81", "missing_lines": 5, "excluded_lines": 0, "percent_statements_covered": 80.76923076923077, "percent_statements_covered_display": "81"}, "missing_lines": [323, 324, 330, 333, 343], "excluded_lines": []}, "TaskScheduleAction._coerce_datetime": {"executed_lines": [366, 367], "summary": {"covered_lines": 2, "num_statements": 5, "percent_covered": 40.0, "percent_covered_display": "40", "missing_lines": 3, "excluded_lines": 0, "percent_statements_covered": 40.0, "percent_statements_covered_display": "40"}, "missing_lines": [368, 369, 370], "excluded_lines": []}, "TaskScheduleAction._resolve_preview_count": {"executed_lines": [373, 374], "summary": {"covered_lines": 2, "num_statements": 3, "percent_covered": 66.66666666666667, "percent_covered_display": "67", "missing_lines": 1, "excluded_lines": 0, "percent_statements_covered": 66.66666666666667, "percent_statements_covered_display": "67"}, "missing_lines": [375], "excluded_lines": []}, "TaskScheduleAction._compute_schedule": {"executed_lines": [383, 386, 390], "summary": {"covered_lines": 3, "num_statements": 3, "percent_covered": 100.0, "percent_covered_display": "100", "missing_lines": 0, "excluded_lines": 0, "percent_statements_covered": 100.0, "percent_statements_covered_display": "100"}, "missing_lines": [], "excluded_lines": []}, "TaskScheduleAction._compute_schedule_runs": {"executed_lines": [406, 415, 416, 417, 419, 422, 425, 427, 428, 430], "summary": {"covered_lines": 10, "num_statements": 11, "percent_covered": 90.9090909090909, "percent_covered_display": "91", "missing_lines": 1, "excluded_lines": 0, "percent_statements_covered": 90.9090909090909, "percent_statements_covered_display": "91"}, "missing_lines": [423], "excluded_lines": []}, "TaskScheduleAction._check_iteration_limit": {"executed_lines": [433], "summary": {"covered_lines": 1, "num_statements": 2, "percent_covered": 50.0, "percent_covered_display": "50", "missing_lines": 1, "excluded_lines": 0, "percent_statements_covered": 50.0, "percent_statements_covered_display": "50"}, "missing_lines": [434], "excluded_lines": []}, "TaskScheduleAction._is_valid_candidate": {"executed_lines": [439], "summary": {"covered_lines": 1, "num_statements": 1, "percent_covered": 100.0, "percent_covered_display": "100", "missing_lines": 0, "excluded_lines": 0, "percent_statements_covered": 100.0, "percent_statements_covered_display": "100"}, "missing_lines": [], "excluded_lines": []}, "TaskScheduleAction._update_schedule_state": {"executed_lines": [444, 445, 447, 448, 450, 452], "summary": {"covered_lines": 6, "n
[...]
ercent_statements_covered": 0.0, "percent_statements_covered_display": "0"}, "missing_lines": [332, 333, 334], "excluded_lines": []}, "_timestamp": {"executed_lines": [338], "summary": {"covered_lines": 1, "num_statements": 1, "percent_covered": 100.0, "percent_covered_display": "100", "missing_lines": 0, "excluded_lines": 0, "percent_statements_covered": 100.0, "percent_statements_covered_display": "100"}, "missing_lines": [], "excluded_lines": []}, "": {"executed_lines": [1, 3, 5, 6, 7, 8, 9, 11, 12, 13, 18, 21, 22, 23, 24, 35, 36, 37, 38, 39, 41, 44, 45, 47, 148, 174, 211, 225, 229, 233, 250, 281, 309, 325, 326, 337], "summary": {"covered_lines": 34, "num_statements": 34, "percent_covered": 100.0, "percent_covered_display": "100", "missing_lines": 0, "excluded_lines": 0, "percent_statements_covered": 100.0, "percent_statements_covered_display": "100"}, "missing_lines": [], "excluded_lines": []}}, "classes": {"RuntimeOrchestrator": {"executed_lines": [58, 59, 60, 61, 62, 63, 64, 65, 66, 71, 76, 81, 87, 94, 101, 108, 115, 126, 134, 135, 146, 151, 152, 158, 159, 160, 161, 162, 170, 171, 172, 183, 184, 185, 186, 187, 188, 189, 190, 191, 192, 197, 198, 199, 204, 205, 206, 214, 215, 216, 217, 218, 219, 220, 221, 222, 223, 226, 227, 230, 231, 236, 237, 238, 239, 240, 264, 265, 267, 278, 279, 294, 305, 306, 307, 311, 312, 313, 316, 318], "summary": {"covered_lines": 78, "num_statements": 83, "percent_covered": 93.97590361445783, "percent_covered_display": "94", "missing_lines": 5, "excluded_lines": 4, "percent_statements_covered": 93.97590361445783, "percent_statements_covered_display": "94"}, "missing_lines": [241, 242, 314, 315, 317], "excluded_lines": [188, 189, 243, 244]}, "": {"executed_lines": [1, 3, 5, 6, 7, 8, 9, 11, 12, 13, 18, 21, 22, 23, 24, 35, 36, 37, 38, 39, 41, 44, 45, 47, 148, 174, 211, 225, 229, 233, 250, 281, 309, 325, 326, 337, 338], "summary": {"covered_lines": 35, "num_statements": 38, "percent_covered": 92.10526315789474, "percent_covered_display": "92", "missing_lines": 3, "excluded_lines": 0, "percent_statements_covered": 92.10526315789474, "percent_statements_covered_display": "92"}, "missing_lines": [332, 333, 334], "excluded_lines": []}}}, "oneiric/runtime/scheduler.py": {"executed_lines": [1, 3, 5, 6, 7, 9, 10, 12, 13, 18, 19, 21, 22, 23, 25, 28, 29, 30, 31, 32, 33, 34, 39, 44, 52, 57, 59, 60, 61, 62, 63, 66, 67, 69, 76, 81, 82, 83, 84, 85, 86, 87, 88, 89, 91, 92, 93, 94, 95, 96, 97, 99, 100, 101, 102, 103, 104, 105, 106, 108, 111, 112, 113, 118, 122, 123, 124, 125, 134, 139, 141, 143, 146], "summary": {"covered_lines": 67, "num_statements": 71, "percent_covered": 94.36619718309859, "percent_covered_display": "94", "missing_lines": 4, "excluded_lines": 9, "percent_statements_covered": 94.36619718309859, "percent_statements_covered_display": "94"}, "missing_lines": [109, 114, 115, 119], "excluded_lines": [12, 13, 14, 15, 76, 77, 126, 127, 131], "functions": {"WorkflowTaskProcessor.__init__": {"executed_lines": [22, 23], "summary": {"covered_lines": 2, "num_statements": 2, "percent_covered": 100.0, "percent_covered_display": "100", "missing_lines": 0, "excluded_lines": 0, "percent_statements_covered": 100.0, "percent_statements_covered_display": "100"}, "missing_lines": [], "excluded_lines": []}, "WorkflowTaskProcessor.process": {"executed_lines": [28, 29, 30, 31, 32, 33, 34, 39, 44, 52, 57], "summary": {"covered_lines": 11, "num_statements": 11, "percent_covered": 100.0, "percent_covered_display": "100", "missing_lines": 0, "excluded_lines": 0, "percent_statements_covered": 100.0, "percent_statements_covered_display": "100"}, "missing_lines": [], "excluded_lines": []}, "WorkflowTaskProcessor._coerce_mapping": {"executed_lines": [61, 62, 63], "summary": {"covered_lines": 3, "num_statements": 3, "percent_covered": 100.0, "percent_covered_display": "100", "missing_lines": 0, "excluded_lines": 0, "percent_statements_covered": 100.0, "percent_statements_covered_display": "100"}, "missing_lines": [], "excluded_lines": []}, "SchedulerHTTPServer.__init__": {"executed_lines": [76, 81, 82, 83, 84, 85, 86, 87, 88, 89], "summary": {"covered_lines": 9, "num_statements": 9, "percent_covered": 100.0, "percent_covered_display": "100", "missing_lines": 0, "excluded_lines": 2, "percent_statements_covered": 100.0, "percent_statements_covered_display": "100"}, "missing_lines": [], "excluded_lines": [76, 77]}, "SchedulerHTTPServer.start": {"executed_lines": [92, 93, 94, 95, 96, 97], "summary": {"covered_lines": 6, "num_statements": 6, "percent_covered": 100.0, "percent_covered_display": "100", "missing_lines": 0, "excluded_lines": 0, "percent_statements_covered": 100.0, "percent_statements_covered_display": "100"}, "missing_lines": [], "excluded_lines": []}, "SchedulerHTTPServer.stop": {"executed_lines": [100, 101, 102, 103, 104, 105, 106], "summary": {"covered_lines": 7, "num_statements": 7, "percent_covered": 100.0, "percent_covered_display": "100", "missing_lines": 0, "excluded_lines": 0, "percent_statements_covered": 100.0, "percent_statements_covered_display": "100"}, "missing_lines": [], "excluded_lines": []}, "SchedulerHTTPServer._handle_health": {"executed_lines": [], "summary": {"covered_lines": 0, "num_statements": 1, "percent_covered": 0.0, "percent_covered_display": "0", "missing_lines": 1, "excluded_lines": 0, "percent_statements_covered": 0.0, "percent_statements_covered_display": "0"}, "missing_lines": [109], "excluded_lines": []}, "SchedulerHTTPServer._handle_workflow_task": {"executed_lines": [112, 113, 118, 122, 123, 124, 125, 134], "summary": {"covered_lines": 8, "num_statements": 11, "percent_covered": 72.72727272727273, "percent_covered_display": "73", "missing_lines": 3, "excluded_lines": 3, "percent_statements_covered": 72.72727272727273, "percent_statements_covered_display": "73"}, "missing_lines": [114, 115, 119], "excluded_lines": [126, 127, 131]}, "_safe_dumps": {"executed_lines": [141, 143], "summary": {"covered_lines": 2, "num_statements": 2, "percent_covered": 100.0, "percent_covered_display": "100", "missing_lines": 0, "excluded_lines": 0, "percent_statements_covered": 100.0, "percent_statements_covered_display": "100"}, "missing_lines": [], "excluded_lines": []}, "": {"executed_lines": [1, 3, 5, 6, 7, 9, 10, 12, 13, 18, 19, 21, 25, 59, 60, 66, 67, 69, 91, 99, 108, 111, 139, 146], "summary": {"covered_lines": 19, "num_statements": 19, "percent_covered": 100.0, "percent_covered_display": "100", "missing_lines": 0, "excluded_lines": 4, "percent_statements_covered": 100.0, "percent_statements_covered_display": "100"}, "missing_lines": [], "excluded_lines": [12, 13, 14, 15]}}, "classes": {"WorkflowTaskProcessor": {"executed_lines": [22, 23, 28, 29, 30, 31, 32, 33, 34, 39, 44, 52, 57, 61, 62, 63], "summary": {"covered_lines": 16, "num_statements": 16, "percent_covered": 100.0, "percent_covered_display": "100", "missing_lines": 0, "excluded_lines": 0, "percent_statements_covered": 100.0, "percent_statements_covered_display": "100"}, "missing_lines": [], "excluded_lines": []}, "SchedulerHTTPServer": {"executed_lines": [76, 81, 82, 83, 84, 85, 86, 87, 88, 89, 92, 93, 94, 95, 96, 97, 100, 101, 102, 103, 104, 105, 106, 112, 113, 118, 122, 123, 124, 125, 134], "summary": {"covered_lines": 30, "num_statements": 34, "percent_covered": 88.23529411764706, "percent_covered_display": "88", "missing_lines": 4, "excluded_lines": 5, "percent_statements_covered": 88.23529411764706, "percent_statements_covered_display": "88"}, "missing_lines": [109, 114, 115, 119], "excluded_lines": [76, 77, 126, 127, 131]}, "": {"executed_lines": [1, 3, 5, 6, 7, 9, 10, 12, 13, 18, 19, 21, 25, 59, 60, 66, 67, 69, 91, 99, 108, 111, 139, 141, 143, 146], "summary": {"covered_lines": 21, "num_statements": 21, "percent_covered": 100.0, "percent_covered_display": "100", "missing_lines": 0, "excluded_lines": 4, "percent_statements_covered": 100.0, "percent_statements_covered_display": "100"}, "missing_lines": [], "excluded_lines": [12, 13, 14, 15]}}}, "oneiric/runtime/supervisor.py": {"executed_lines": [1, 3, 5, 6, 8, 10, 12, 15, 16, 18, 24, 25, 26, 27, 28, 29, 30, 32, 35, 37, 38, 40, 43, 45, 46, 47, 48, 49, 50, 52, 54, 57, 58, 59, 61, 64, 65, 67, 70, 71, 73, 74, 76, 79, 80, 82, 84, 87, 88, 89, 90, 91, 92], "summary": {"covered_lines": 49, "num_statements": 52, "percent_covered": 94.23076923076923, "percent_covered_display": "94", "missing_lines": 3, "excluded_lines": 5, "percent_statements_covered": 94.23076923076923, "percent_statements_covered_display": "94"}, "missing_lines": [36, 44, 81], "excluded_lines": [49, 50, 93, 94, 95], "functions": {"ServiceSupervisor.__init__": {"executed_lines": [24, 25, 26, 27, 28, 29, 30], "summary": {"covered_lines": 7, "num_statements": 7, "percent_covered": 100.0, "percent_covered_display": "100", "missing_lines": 0, "excluded_lines": 0, "percent_statements_covered": 100.0, "percent_statements_covered_display": "100"}, "missing_lines": [], "excluded_lines": []}, "ServiceSupervisor.start": {"executed_lines": [35, 37, 38], "summary": {"covered_lines": 3, "num_statements": 4, "percent_covered": 75.0, "percent_covered_display": "75", "missing_lines": 1, "excluded_lines": 0, "percent_statements_covered": 75.0, "percent_statements_covered_display": "75"}, "missing_lines": [36], "excluded_lines": []}, "ServiceSupervisor.stop": {"executed_lines": [43, 45, 46, 47, 48, 49, 50, 52], "summary": {"covered_lines": 6, "num_statements": 7, "percent_covered": 85.71428571428571, "percent_covered_display": "86", "missing_lines": 1, "excluded_lines": 2, "percent_statements_covered": 85.71428571428571, "percent_statements_covered_display": "86"}, "missing_lines": [44], "excluded_lines": [49, 50]}, "ServiceSupervisor.refresh": {"executed_lines": [57, 58, 59], "summary": {"covered_lines": 3, "num_statements": 3, "percent_covered": 100.0, "percent_covered_display": "100", "missing_lines": 0, "excluded_lines": 0, "percent_statements_covered": 100.0, "percent_statements_covered_display": "100"}, "missing_lines": [], "excluded_lines": []}, "ServiceSupervisor.snapshot": {"executed_lines": [64, 65], "summary": {"covered_lines": 2, "num_statements": 2, "percent_covered": 100.0, "percent_covered_display": "100", "missing_lines": 0, "excluded_lines": 0, "percent_statements_covered": 100.0, "percent_statements_covered_display": "100"}, "missing_lines": [], "excluded_lines": []}, "ServiceSupervisor.should_accept_work": {"executed_lines": [70, 71, 73, 74], "summary": {"covered_lines": 4, "num_statements": 4, "percent_covered": 100.0, "percent_covered_display": "100", "missing_lines": 0, "excluded_lines": 0, "percent_statements_covered": 100.0, "percent_statements_covered_display": "100"}, "missing_lines": [], "excluded_lines": []}, "ServiceSupervisor.activity_state": {"executed_lines": [79, 80, 82], "summary": {"covered_lines": 3, "num_statements": 4, "percent_covered": 75.0, "percent_covered_display": "75", "missing_lines": 1, "excluded_lines": 0, "percent_statements_covered": 75.0, "percent_statements_covered_display": "75"}, "missing_lines": [81], "excluded_lines": []}, "ServiceSupervisor._poll_loop": {"executed_lines": [87, 88, 89, 90, 91, 92], "summary": {"covered_lines": 6, "num_statements": 6, "percent_covered": 100.0, "percent_covered_display": "100", "missing_lines": 0, "excluded_lines": 3, "percent_statements_covered": 100.0, "percent_statements_covered_display": "100"}, "missing_lines": [], "excluded_lines": [93, 94, 95]}, "": {"executed_lines": [1, 3, 5, 6, 8, 10, 12, 15, 16, 18, 32, 40, 54, 61, 67, 76, 84], "summary": {"covered_lines": 15, "num_statements": 15, "percent_covered": 100.0, "percent_covered_display": "100", "missing_lines": 0, "excluded_lines": 0, "percent_statements_covered": 100.0, "percent_statements_covered_display": "100"}, "missing_lines": [], "excluded_lines": []}}, "classes": {"ServiceSupervisor": {"executed_lines": [24, 25, 26, 27, 28, 29, 30, 35, 37, 38, 43, 45, 46, 47, 48, 49, 50, 52, 57, 58, 59, 64, 65, 70, 71, 73, 74, 79, 80, 82, 87, 88, 89, 90, 91, 92], "summary": {"covered_lines": 34, "num_statements": 37, "percent_covered": 91.89189189189189, "percent_covered_display": "92", "missing_lines": 3, "excluded_lines": 5, "percent_statements_covered": 91.89189189189189, "percent_statements_covered_display": "92"}, "missing_lines": [36, 44, 81], "excluded_lines": [49, 50, 93, 94, 95]}, "": {"executed_lines": [1, 3, 5, 6, 8, 10, 12, 15, 16, 18, 32, 40, 54, 61, 67, 76, 84], "summary": {"covered_lines": 15, "num_statements": 15, "percent_covered": 100.0, "percent_covered_display": "100", "missing_lines": 0, "excluded_lines": 0, "percent_statements_covered": 100.0, "percent_statements_covered_display": "100"}, "missing_lines": [], "excluded_lines": []}}}, "oneiric/runtime/watchers.py": {"executed_lines": [1, 3, 5, 6, 7, 8, 9, 11, 12, 14, 19, 20, 22, 25, 26, 28, 41, 42, 43, 44, 45, 46, 47, 50, 51, 52, 54, 59, 60, 61, 62, 63, 64, 65, 72, 73, 74, 75, 76, 80, 81, 82, 83, 84, 85, 87, 88, 89, 91, 92, 93, 95, 96, 98, 99, 102, 104, 105, 114, 124, 125, 126, 127, 128, 133, 134, 135, 136, 137, 138, 148, 189, 190, 191, 192], "summary": {"covered_lines": 70, "num_statements": 112, "percent_covered": 62.5, "percent_covered_display": "62", "missing_lines": 42, "excluded_lines": 8, "percent_statements_covered": 62.5, "percent_statements_covered_display": "62"}, "missing_lines": [53, 100, 106, 107, 108, 111, 112, 115, 116, 117, 118, 119, 120, 121, 122, 140, 141, 143, 144, 145, 146, 149, 150, 151, 152, 153, 154, 155, 162, 163, 164, 171, 172, 173, 174, 193, 194, 195, 196, 197, 198, 199], "excluded_lines": [11, 12, 14, 15, 16, 17, 180, 181], "functions": {"SelectionWatcher.__init__": {"executed_lines": [41, 42, 43, 44, 45, 46, 47, 50, 51, 52, 54, 59, 60, 61, 62, 63, 64, 65], "summary": {"covered_lines": 18, "num_statements": 19, "percent_covered": 94.73684210526316, "percent_covered_display": "95", "missing_lines": 1, "excluded_lines": 0, "percent_statements_covered": 94.73684210526316, "percent_statements_covered_display": "95"}, "missing_lines": [53], "excluded_lines": []}, "SelectionWatcher.start": {"executed_lines": [73, 74, 75, 76], "summary": {"covered_lines": 4, "num_statements": 4, "percent_covered": 100.0, "percent_covered_display": "100", "missing_lines": 0, "excluded_lines": 0, "percent_statements_covered": 100.0, "percent_statements_covered_display": "100"}, "missing_lines": [], "excluded_lines": []}, "SelectionWatcher.stop": {"executed_lines": [81, 82, 83, 84, 85], "summary": {"covered_lines": 5, "num_statements": 5, "percent_covered": 100.0, "percent_covered_display": "100", "missing_lines": 0, "excluded_lines": 0, "percent_statements_covered": 100.0, "percent_statements_covered_display": "100"}, "missing_lines": [], "excluded_lines": []}, "SelectionWatcher.__aenter__": {"executed_lines": [88, 89], "summary": {"covered_lines": 2, "num_statements": 2, "percent_covered": 100.0, "percent_covered_display": "100", "missing_lines": 0, "excluded_lines": 0, "percent_statements_covered": 100.0, "percent_statements_covered_display": "100"}, "missing_lines": [], "excluded_lines": []}, "SelectionWatcher.__aexit__": {"executed_lines": [92, 93], "summary": {"covered_lines": 2, "num_statements": 2, "percent_covered": 100.0, "percent_covered_display": "100", "missing_lines": 0, "excluded_lines": 0, "percent_statements_covered": 100.0, "percent_statements_covered_display": "100"}, "missing_lines": [], "excluded_lines": []}, "SelectionWatcher.run_once": {"executed_lines": [96], "summary": {"covered_lines": 1, "num_statements": 1, "percent_covered": 100.0, "percent_covered_display": "100", "missing_lines": 0, "excluded_lines": 0, "percent_statements_covered": 100.0, "percent_statements_covered_display": "100"}, "missing_lines": [], "excluded_lines": []}, "SelectionWatcher._run": {"executed_lines": [99, 102], "summary": {"covered_lines": 2, "num_statements": 3, "percent_covered": 66.66666666666667, "percent_covered_display": "67", "missing_lines": 1, "excluded_lines": 0, "percent_statements_covered": 66.66666666666667, "percent_statements_covered_display": "67"}, "missing_lines": [100], "excluded_lines": []}, "SelectionWatcher._run_poll_loop": {"executed_lines": [105], "summary": {"covered_lines": 1, "num_statements": 6, "percent_covered": 16.666666666666668, "percent_covered_display": "17", "missing_lines": 5, "excluded_lines": 0, "percent_statements_covered": 16.666666666666668, "percent_statements_covered_display": "17"}, "missing_lines": [106, 107, 108, 111, 112], "excluded_lines": []}, "SelectionWatcher._run_event_loop": {"executed_lines": [], "summary": {"covered_lines": 0, "num_statements": 8, "percent_covered": 0.0, "percent_covered_display": "0", "missing_lines": 8, "excluded_lines": 0, "percent_statements_covered": 0.0, "percent_statements_covered_display": "0"}, "missing_lines": [115, 116, 117, 118, 119, 120, 121, 122], "excluded_lines": []}, "SelectionWatcher._tick": {"executed_lines": [125, 126, 127, 128, 133, 134, 135, 136, 137, 138], "summary": {"covered_lines": 10, "num_statements": 16, "percent_covered": 62.5, "percent_covered_display": "62", "missing_lines": 6, "excluded_lines": 0, "percent_statements_covered": 62.5, "percent_statements_covered_display": "62"}, "missing_lines": [140, 141, 143, 144, 145, 146], "excluded_lines": []}, "SelectionWatcher._trigger_swap": {"executed_lines": [], "summary": {"covered_lines": 0, "num_statements": 14, "percent_covered": 0.0, "percent_covered_display": "0", "missing_lines": 14, "excluded_lines": 2, "percent_statements_covered": 0.0, "percent_statements_covered_display": "0"}, "missing_lines": [149, 150, 151, 152, 153, 154, 155, 162, 163, 164, 171, 172, 173, 174], "excluded_lines": [180, 181]}, "SelectionWatcher._resolve_watch_path": {"executed_lines": [190, 191, 192], "summary": {"covered_lines": 3, "num_statements": 10, "percent_covered": 30.0, "percent_covered_display": "30", "missing_lines": 7, "excluded_lines": 0, "percent_statements_covered": 30.0, "percent_statements_covered_display": "30"}, "missing_lines": [193, 194, 195, 196, 197, 198, 199], "excluded_lines": []}, "": {"executed_lines": [1, 3, 5, 6, 7, 8, 9, 11, 12, 14, 19, 20, 22, 25, 26, 28, 72, 80, 87, 91, 95, 98, 104, 114, 124, 148, 189], "summary": {"covered_lines": 22, "num_statements": 22, "percent_covered": 100.0, "percent_covered_display": "100", "missing_lines": 0, "excluded_lines": 6, "percent_statements_covered": 100.0, "percent_statements_covered_display": "100"}, "missing_lines": [], "excluded_lines": [11, 12, 14, 15, 16, 17]}}, "classes": {"SelectionWatcher": {"executed_lines": [41, 42, 43, 44, 45, 46, 47, 50, 51, 52, 54, 59, 60, 61, 62, 63, 64, 65, 73, 74, 75, 76, 81, 82, 83, 84, 85, 88, 89, 92, 93, 96, 99, 102, 105, 125, 126, 127, 128, 133, 134, 135, 136, 137, 138, 190, 191, 192], "summary": {"covered_lines": 48, "num_statements": 90, "percent_covered": 53.333333333333336, "percent_covered_display": "53", "missing_lines": 42, "excluded_lines": 2, "percent_statements_covered": 53.333333333333336, "percent_statements_covered_display": "53"}, "missing_lines": [53, 100, 106, 107, 108, 111, 112, 115, 116, 117, 118, 119, 120, 121, 122, 140, 141, 143, 144, 145, 146, 149, 150, 151, 152, 153, 154, 155, 162, 163, 164, 171, 172, 173, 174, 193, 194, 195, 196, 197, 198, 199], "excluded_lines": [180, 181]}, "": {"executed_lines": [1, 3, 5, 6, 7, 8, 9, 11, 12, 14, 19, 20, 22, 25, 26, 28, 72, 80, 87, 91, 95, 98, 104, 114, 124, 148, 189], "summary": {"covered_lines": 22, "num_statements": 22, "percent_covered": 100.0, "percent_covered_display": "100", "missing_lines": 0, "excluded_lines": 6, "percent_statements_covered": 100.0, "percent_statements_covered_display": "100"}, "missing_lines": [], "excluded_lines": [11, 12, 14, 15, 16, 17]}}}}, "totals": {"covered_lines": 8565, "num_statements": 11340, "percent_covered": 75.52910052910053, "percent_covered_display": "76", "missing_lines": 2775, "excluded_lines": 325, "percent_statements_covered": 75.52910052910053, "percent_statements_covered_display": "76"}}